[0.063s] DEBUG:colcon:Command line arguments: ['/usr/bin/colcon', 'build', '--packages-select', 'pointcloud_classifier']
[0.063s] DEBUG:colcon:Parsed command line arguments: Namespace(log_base=None, log_level=None, verb_name='build', build_base='build', install_base='install', merge_install=False, symlink_install=False, test_result_base=None, continue_on_error=False, executor='parallel', parallel_workers=18, event_handlers=None, ignore_user_meta=False, metas=['./colcon.meta'], base_paths=['.'], packages_ignore=None, packages_ignore_regex=None, paths=None, packages_up_to=None, packages_up_to_regex=None, packages_above=None, packages_above_and_dependencies=None, packages_above_depth=None, packages_select_by_dep=None, packages_skip_by_dep=None, packages_skip_up_to=None, packages_select_build_failed=False, packages_skip_build_finished=False, packages_select_test_failures=False, packages_skip_test_passed=False, packages_select=['pointcloud_classifier'], packages_skip=None, packages_select_regex=None, packages_skip_regex=None, packages_start=None, packages_end=None, allow_overriding=[], cmake_args=None, cmake_target=None, cmake_target_skip_unavailable=False, cmake_clean_cache=False, cmake_clean_first=False, cmake_force_configure=False, ament_cmake_args=None, catkin_cmake_args=None, catkin_skip_building_tests=False, verb_parser=<colcon_defaults.argument_parser.defaults.DefaultArgumentsDecorator object at 0x7f7651e82b40>, verb_extension=<colcon_core.verb.build.BuildVerb object at 0x7f7651e82870>, main=<bound method BuildVerb.main of <colcon_core.verb.build.BuildVerb object at 0x7f7651e82870>>)
[0.086s] Level 1:colcon.colcon_core.package_discovery:discover_packages(colcon_meta) check parameters
[0.086s] Level 1:colcon.colcon_core.package_discovery:discover_packages(recursive) check parameters
[0.086s] Level 1:colcon.colcon_core.package_discovery:discover_packages(ignore) check parameters
[0.086s] Level 1:colcon.colcon_core.package_discovery:discover_packages(path) check parameters
[0.086s] Level 1:colcon.colcon_core.package_discovery:discover_packages(colcon_meta) discover
[0.086s] Level 1:colcon.colcon_core.package_discovery:discover_packages(recursive) discover
[0.086s] INFO:colcon.colcon_core.package_discovery:Crawling recursively for packages in '/home/polinaus/pointcloud_classifier'
[0.086s] Level 1:colcon.colcon_core.package_identification:_identify(.) by extensions ['ignore', 'ignore_ament_install']
[0.086s] Level 1:colcon.colcon_core.package_identification:_identify(.) by extension 'ignore'
[0.086s] Level 1:colcon.colcon_core.package_identification:_identify(.) by extension 'ignore_ament_install'
[0.086s] Level 1:colcon.colcon_core.package_identification:_identify(.) by extensions ['colcon_pkg']
[0.086s] Level 1:colcon.colcon_core.package_identification:_identify(.) by extension 'colcon_pkg'
[0.086s] Level 1:colcon.colcon_core.package_identification:_identify(.) by extensions ['colcon_meta']
[0.086s] Level 1:colcon.colcon_core.package_identification:_identify(.) by extension 'colcon_meta'
[0.086s] Level 1:colcon.colcon_core.package_identification:_identify(.) by extensions ['ros']
[0.086s] Level 1:colcon.colcon_core.package_identification:_identify(.) by extension 'ros'
[0.102s] DEBUG:colcon.colcon_core.package_identification:Package '.' with type 'ros.ament_cmake' and name 'pointcloud_classifier'
[0.102s] Level 1:colcon.colcon_core.package_discovery:discover_packages(recursive) using defaults
[0.102s] Level 1:colcon.colcon_core.package_discovery:discover_packages(ignore) discover
[0.102s] Level 1:colcon.colcon_core.package_discovery:discover_packages(ignore) using defaults
[0.102s] Level 1:colcon.colcon_core.package_discovery:discover_packages(path) discover
[0.102s] Level 1:colcon.colcon_core.package_discovery:discover_packages(path) using defaults
[0.113s] Level 1:colcon.colcon_core.package_discovery:discover_packages(prefix_path) check parameters
[0.113s] Level 1:colcon.colcon_core.package_discovery:discover_packages(prefix_path) discover
[0.114s] DEBUG:colcon.colcon_installed_package_information.package_discovery:Found 288 installed packages in /opt/ros/jazzy
[0.114s] Level 1:colcon.colcon_core.package_discovery:discover_packages(prefix_path) using defaults
[0.136s] Level 5:colcon.colcon_core.verb:set package 'pointcloud_classifier' build argument 'cmake_args' from command line to 'None'
[0.136s] Level 5:colcon.colcon_core.verb:set package 'pointcloud_classifier' build argument 'cmake_target' from command line to 'None'
[0.136s] Level 5:colcon.colcon_core.verb:set package 'pointcloud_classifier' build argument 'cmake_target_skip_unavailable' from command line to 'False'
[0.136s] Level 5:colcon.colcon_core.verb:set package 'pointcloud_classifier' build argument 'cmake_clean_cache' from command line to 'False'
[0.136s] Level 5:colcon.colcon_core.verb:set package 'pointcloud_classifier' build argument 'cmake_clean_first' from command line to 'False'
[0.136s] Level 5:colcon.colcon_core.verb:set package 'pointcloud_classifier' build argument 'cmake_force_configure' from command line to 'False'
[0.136s] Level 5:colcon.colcon_core.verb:set package 'pointcloud_classifier' build argument 'ament_cmake_args' from command line to 'None'
[0.136s] Level 5:colcon.colcon_core.verb:set package 'pointcloud_classifier' build argument 'catkin_cmake_args' from command line to 'None'
[0.136s] Level 5:colcon.colcon_core.verb:set package 'pointcloud_classifier' build argument 'catkin_skip_building_tests' from command line to 'False'
[0.136s] DEBUG:colcon.colcon_core.verb:Building package 'pointcloud_classifier' with the following arguments: {'ament_cmake_args': None, 'build_base': '/home/polinaus/pointcloud_classifier/build/pointcloud_classifier', 'catkin_cmake_args': None, 'catkin_skip_building_tests': False, 'cmake_args': None, 'cmake_clean_cache': False, 'cmake_clean_first': False, 'cmake_force_configure': False, 'cmake_target': None, 'cmake_target_skip_unavailable': False, 'install_base': '/home/polinaus/pointcloud_classifier/install/pointcloud_classifier', 'merge_install': False, 'path': '/home/polinaus/pointcloud_classifier', 'symlink_install': False, 'test_result_base': None}
[0.136s] INFO:colcon.colcon_core.executor:Executing jobs using 'parallel' executor
[0.137s] DEBUG:colcon.colcon_parallel_executor.executor.parallel:run_until_complete
[0.137s] INFO:colcon.colcon_ros.task.ament_cmake.build:Building ROS package in '/home/polinaus/pointcloud_classifier' with build type 'ament_cmake'
[0.137s] INFO:colcon.colcon_cmake.task.cmake.build:Building CMake package in '/home/polinaus/pointcloud_classifier'
[0.138s] INFO:colcon.colcon_core.plugin_system:Skipping extension 'colcon_core.shell.bat': Not used on non-Windows systems
[0.138s] INFO:colcon.colcon_core.shell:Skip shell extension 'powershell' for command environment: Not usable outside of PowerShell
[0.138s] DEBUG:colcon.colcon_core.shell:Skip shell extension 'dsv' for command environment
[0.146s] DEBUG:colcon.colcon_core.event_handler.log_command:Invoking command in '/home/polinaus/pointcloud_classifier/build/pointcloud_classifier': CMAKE_PREFIX_PATH=${CMAKE_PREFIX_PATH}:/opt/ros/jazzy DEBUGINFOD_URLS=https://debuginfod.ubuntu.com /usr/bin/cmake /home/polinaus/pointcloud_classifier -DCMAKE_INSTALL_PREFIX=/home/polinaus/pointcloud_classifier/install/pointcloud_classifier
[5.069s] DEBUG:colcon.colcon_core.event_handler.log_command:Invoked command in '/home/polinaus/pointcloud_classifier/build/pointcloud_classifier' returned '0': CMAKE_PREFIX_PATH=${CMAKE_PREFIX_PATH}:/opt/ros/jazzy DEBUGINFOD_URLS=https://debuginfod.ubuntu.com /usr/bin/cmake /home/polinaus/pointcloud_classifier -DCMAKE_INSTALL_PREFIX=/home/polinaus/pointcloud_classifier/install/pointcloud_classifier
[5.070s] DEBUG:colcon.colcon_core.event_handler.log_command:Invoking command in '/home/polinaus/pointcloud_classifier/build/pointcloud_classifier': CMAKE_PREFIX_PATH=${CMAKE_PREFIX_PATH}:/opt/ros/jazzy DEBUGINFOD_URLS=https://debuginfod.ubuntu.com /usr/bin/cmake --build /home/polinaus/pointcloud_classifier/build/pointcloud_classifier -- -j18 -l18
[14.367s] DEBUG:colcon.colcon_core.event_handler.log_command:Invoked command in '/home/polinaus/pointcloud_classifier/build/pointcloud_classifier' returned '0': CMAKE_PREFIX_PATH=${CMAKE_PREFIX_PATH}:/opt/ros/jazzy DEBUGINFOD_URLS=https://debuginfod.ubuntu.com /usr/bin/cmake --build /home/polinaus/pointcloud_classifier/build/pointcloud_classifier -- -j18 -l18
[14.373s] DEBUG:colcon.colcon_core.event_handler.log_command:Invoking command in '/home/polinaus/pointcloud_classifier/build/pointcloud_classifier': CMAKE_PREFIX_PATH=${CMAKE_PREFIX_PATH}:/opt/ros/jazzy DEBUGINFOD_URLS=https://debuginfod.ubuntu.com /usr/bin/cmake --install /home/polinaus/pointcloud_classifier/build/pointcloud_classifier
[14.422s] Level 1:colcon.colcon_core.environment:create_environment_scripts_only(pointcloud_classifier)
[14.423s] DEBUG:colcon.colcon_core.event_handler.log_command:Invoked command in '/home/polinaus/pointcloud_classifier/build/pointcloud_classifier' returned '0': CMAKE_PREFIX_PATH=${CMAKE_PREFIX_PATH}:/opt/ros/jazzy DEBUGINFOD_URLS=https://debuginfod.ubuntu.com /usr/bin/cmake --install /home/polinaus/pointcloud_classifier/build/pointcloud_classifier
[14.424s] Level 1:colcon.colcon_core.environment:checking '/home/polinaus/pointcloud_classifier/install/pointcloud_classifier' for CMake module files
[14.424s] Level 1:colcon.colcon_core.environment:checking '/home/polinaus/pointcloud_classifier/install/pointcloud_classifier' for CMake config files
[14.424s] Level 1:colcon.colcon_core.shell:create_environment_hook('pointcloud_classifier', 'cmake_prefix_path')
[14.424s] INFO:colcon.colcon_core.shell:Creating environment hook '/home/polinaus/pointcloud_classifier/install/pointcloud_classifier/share/pointcloud_classifier/hook/cmake_prefix_path.ps1'
[14.425s] INFO:colcon.colcon_core.shell:Creating environment descriptor '/home/polinaus/pointcloud_classifier/install/pointcloud_classifier/share/pointcloud_classifier/hook/cmake_prefix_path.dsv'
[14.425s] INFO:colcon.colcon_core.shell:Creating environment hook '/home/polinaus/pointcloud_classifier/install/pointcloud_classifier/share/pointcloud_classifier/hook/cmake_prefix_path.sh'
[14.425s] Level 1:colcon.colcon_core.environment:checking '/home/polinaus/pointcloud_classifier/install/pointcloud_classifier/lib'
[14.426s] Level 1:colcon.colcon_core.shell:create_environment_hook('pointcloud_classifier', 'ld_library_path_lib')
[14.426s] INFO:colcon.colcon_core.shell:Creating environment hook '/home/polinaus/pointcloud_classifier/install/pointcloud_classifier/share/pointcloud_classifier/hook/ld_library_path_lib.ps1'
[14.426s] INFO:colcon.colcon_core.shell:Creating environment descriptor '/home/polinaus/pointcloud_classifier/install/pointcloud_classifier/share/pointcloud_classifier/hook/ld_library_path_lib.dsv'
[14.426s] INFO:colcon.colcon_core.shell:Creating environment hook '/home/polinaus/pointcloud_classifier/install/pointcloud_classifier/share/pointcloud_classifier/hook/ld_library_path_lib.sh'
[14.426s] Level 1:colcon.colcon_core.environment:checking '/home/polinaus/pointcloud_classifier/install/pointcloud_classifier/bin'
[14.426s] Level 1:colcon.colcon_core.environment:checking '/home/polinaus/pointcloud_classifier/install/pointcloud_classifier/lib/pkgconfig/pointcloud_classifier.pc'
[14.426s] Level 1:colcon.colcon_core.environment:checking '/home/polinaus/pointcloud_classifier/install/pointcloud_classifier/lib/python3.12/site-packages'
[14.426s] Level 1:colcon.colcon_core.shell:create_environment_hook('pointcloud_classifier', 'pythonpath')
[14.427s] INFO:colcon.colcon_core.shell:Creating environment hook '/home/polinaus/pointcloud_classifier/install/pointcloud_classifier/share/pointcloud_classifier/hook/pythonpath.ps1'
[14.427s] INFO:colcon.colcon_core.shell:Creating environment descriptor '/home/polinaus/pointcloud_classifier/install/pointcloud_classifier/share/pointcloud_classifier/hook/pythonpath.dsv'
[14.427s] INFO:colcon.colcon_core.shell:Creating environment hook '/home/polinaus/pointcloud_classifier/install/pointcloud_classifier/share/pointcloud_classifier/hook/pythonpath.sh'
[14.427s] Level 1:colcon.colcon_core.environment:checking '/home/polinaus/pointcloud_classifier/install/pointcloud_classifier/bin'
[14.427s] INFO:colcon.colcon_core.shell:Creating package script '/home/polinaus/pointcloud_classifier/install/pointcloud_classifier/share/pointcloud_classifier/package.ps1'
[14.428s] INFO:colcon.colcon_core.shell:Creating package descriptor '/home/polinaus/pointcloud_classifier/install/pointcloud_classifier/share/pointcloud_classifier/package.dsv'
[14.428s] INFO:colcon.colcon_core.shell:Creating package script '/home/polinaus/pointcloud_classifier/install/pointcloud_classifier/share/pointcloud_classifier/package.sh'
[14.429s] INFO:colcon.colcon_core.shell:Creating package script '/home/polinaus/pointcloud_classifier/install/pointcloud_classifier/share/pointcloud_classifier/package.bash'
[14.429s] INFO:colcon.colcon_core.shell:Creating package script '/home/polinaus/pointcloud_classifier/install/pointcloud_classifier/share/pointcloud_classifier/package.zsh'
[14.429s] Level 1:colcon.colcon_core.environment:create_file_with_runtime_dependencies(/home/polinaus/pointcloud_classifier/install/pointcloud_classifier/share/colcon-core/packages/pointcloud_classifier)
[14.430s] Level 1:colcon.colcon_core.environment:create_environment_scripts_only(pointcloud_classifier)
[14.430s] Level 1:colcon.colcon_core.environment:checking '/home/polinaus/pointcloud_classifier/install/pointcloud_classifier' for CMake module files
[14.430s] Level 1:colcon.colcon_core.environment:checking '/home/polinaus/pointcloud_classifier/install/pointcloud_classifier' for CMake config files
[14.430s] Level 1:colcon.colcon_core.shell:create_environment_hook('pointcloud_classifier', 'cmake_prefix_path')
[14.430s] INFO:colcon.colcon_core.shell:Creating environment hook '/home/polinaus/pointcloud_classifier/install/pointcloud_classifier/share/pointcloud_classifier/hook/cmake_prefix_path.ps1'
[14.430s] INFO:colcon.colcon_core.shell:Creating environment descriptor '/home/polinaus/pointcloud_classifier/install/pointcloud_classifier/share/pointcloud_classifier/hook/cmake_prefix_path.dsv'
[14.431s] INFO:colcon.colcon_core.shell:Creating environment hook '/home/polinaus/pointcloud_classifier/install/pointcloud_classifier/share/pointcloud_classifier/hook/cmake_prefix_path.sh'
[14.431s] Level 1:colcon.colcon_core.environment:checking '/home/polinaus/pointcloud_classifier/install/pointcloud_classifier/lib'
[14.431s] Level 1:colcon.colcon_core.shell:create_environment_hook('pointcloud_classifier', 'ld_library_path_lib')
[14.431s] INFO:colcon.colcon_core.shell:Creating environment hook '/home/polinaus/pointcloud_classifier/install/pointcloud_classifier/share/pointcloud_classifier/hook/ld_library_path_lib.ps1'
[14.431s] INFO:colcon.colcon_core.shell:Creating environment descriptor '/home/polinaus/pointcloud_classifier/install/pointcloud_classifier/share/pointcloud_classifier/hook/ld_library_path_lib.dsv'
[14.431s] INFO:colcon.colcon_core.shell:Creating environment hook '/home/polinaus/pointcloud_classifier/install/pointcloud_classifier/share/pointcloud_classifier/hook/ld_library_path_lib.sh'
[14.432s] Level 1:colcon.colcon_core.environment:checking '/home/polinaus/pointcloud_classifier/install/pointcloud_classifier/bin'
[14.432s] Level 1:colcon.colcon_core.environment:checking '/home/polinaus/pointcloud_classifier/install/pointcloud_classifier/lib/pkgconfig/pointcloud_classifier.pc'
[14.432s] Level 1:colcon.colcon_core.environment:checking '/home/polinaus/pointcloud_classifier/install/pointcloud_classifier/lib/python3.12/site-packages'
[14.432s] Level 1:colcon.colcon_core.shell:create_environment_hook('pointcloud_classifier', 'pythonpath')
[14.432s] INFO:colcon.colcon_core.shell:Creating environment hook '/home/polinaus/pointcloud_classifier/install/pointcloud_classifier/share/pointcloud_classifier/hook/pythonpath.ps1'
[14.432s] INFO:colcon.colcon_core.shell:Creating environment descriptor '/home/polinaus/pointcloud_classifier/install/pointcloud_classifier/share/pointcloud_classifier/hook/pythonpath.dsv'
[14.432s] INFO:colcon.colcon_core.shell:Creating environment hook '/home/polinaus/pointcloud_classifier/install/pointcloud_classifier/share/pointcloud_classifier/hook/pythonpath.sh'
[14.433s] Level 1:colcon.colcon_core.environment:checking '/home/polinaus/pointcloud_classifier/install/pointcloud_classifier/bin'
[14.433s] INFO:colcon.colcon_core.shell:Creating package script '/home/polinaus/pointcloud_classifier/install/pointcloud_classifier/share/pointcloud_classifier/package.ps1'
[14.433s] INFO:colcon.colcon_core.shell:Creating package descriptor '/home/polinaus/pointcloud_classifier/install/pointcloud_classifier/share/pointcloud_classifier/package.dsv'
[14.433s] INFO:colcon.colcon_core.shell:Creating package script '/home/polinaus/pointcloud_classifier/install/pointcloud_classifier/share/pointcloud_classifier/package.sh'
[14.434s] INFO:colcon.colcon_core.shell:Creating package script '/home/polinaus/pointcloud_classifier/install/pointcloud_classifier/share/pointcloud_classifier/package.bash'
[14.434s] INFO:colcon.colcon_core.shell:Creating package script '/home/polinaus/pointcloud_classifier/install/pointcloud_classifier/share/pointcloud_classifier/package.zsh'
[14.434s] Level 1:colcon.colcon_core.environment:create_file_with_runtime_dependencies(/home/polinaus/pointcloud_classifier/install/pointcloud_classifier/share/colcon-core/packages/pointcloud_classifier)
[14.434s] DEBUG:colcon.colcon_parallel_executor.executor.parallel:closing loop
[14.435s] DEBUG:colcon.colcon_parallel_executor.executor.parallel:loop closed
[14.435s] DEBUG:colcon.colcon_parallel_executor.executor.parallel:run_until_complete finished with '0'
[14.435s] DEBUG:colcon.colcon_core.event_reactor:joining thread
[14.438s] INFO:colcon.colcon_core.plugin_system:Skipping extension 'colcon_notification.desktop_notification.terminal_notifier': Not used on non-Darwin systems
[14.438s] INFO:colcon.colcon_core.plugin_system:Skipping extension 'colcon_notification.desktop_notification.win32': Not used on non-Windows systems
[14.439s] INFO:colcon.colcon_notification.desktop_notification:Sending desktop notification using 'notify2'
[14.458s] DEBUG:colcon.colcon_core.event_reactor:joined thread
[14.458s] INFO:colcon.colcon_core.shell:Creating prefix script '/home/polinaus/pointcloud_classifier/install/local_setup.ps1'
[14.459s] INFO:colcon.colcon_core.shell:Creating prefix util module '/home/polinaus/pointcloud_classifier/install/_local_setup_util_ps1.py'
[14.460s] INFO:colcon.colcon_core.shell:Creating prefix chain script '/home/polinaus/pointcloud_classifier/install/setup.ps1'
[14.460s] INFO:colcon.colcon_core.shell:Creating prefix script '/home/polinaus/pointcloud_classifier/install/local_setup.sh'
[14.461s] INFO:colcon.colcon_core.shell:Creating prefix util module '/home/polinaus/pointcloud_classifier/install/_local_setup_util_sh.py'
[14.461s] INFO:colcon.colcon_core.shell:Creating prefix chain script '/home/polinaus/pointcloud_classifier/install/setup.sh'
[14.461s] INFO:colcon.colcon_core.shell:Creating prefix script '/home/polinaus/pointcloud_classifier/install/local_setup.bash'
[14.462s] INFO:colcon.colcon_core.shell:Creating prefix chain script '/home/polinaus/pointcloud_classifier/install/setup.bash'
[14.462s] INFO:colcon.colcon_core.shell:Creating prefix script '/home/polinaus/pointcloud_classifier/install/local_setup.zsh'
[14.462s] INFO:colcon.colcon_core.shell:Creating prefix chain script '/home/polinaus/pointcloud_classifier/install/setup.zsh'
