-- The C compiler identification is GNU 13.3.0
-- The CXX compiler identification is GNU 13.3.0
-- Detecting C compiler ABI info
-- Detecting C compiler ABI info - done
-- Check for working C compiler: /usr/bin/cc - skipped
-- Detecting C compile features
-- Detecting C compile features - done
-- Detecting CXX compiler ABI info
-- Detecting CXX compiler ABI info - done
-- Check for working CXX compiler: /usr/bin/c++ - skipped
-- Detecting CXX compile features
-- Detecting CXX compile features - done
-- Found ament_cmake: 2.5.6 (/opt/ros/jazzy/share/ament_cmake/cmake)
-- Found Python3: /usr/bin/python3 (found version "3.12.3") found components: Interpreter 
-- Found rclcpp: 28.1.18 (/opt/ros/jazzy/share/rclcpp/cmake)
-- Found rosidl_generator_c: 4.6.7 (/opt/ros/jazzy/share/rosidl_generator_c/cmake)
-- Found rosidl_generator_cpp: 4.6.7 (/opt/ros/jazzy/share/rosidl_generator_cpp/cmake)
-- Using all available rosidl_typesupport_c: rosidl_typesupport_fastrtps_c;rosidl_typesupport_introspection_c
-- Using all available rosidl_typesupport_cpp: rosidl_typesupport_fastrtps_cpp;rosidl_typesupport_introspection_cpp
-- Found rmw_implementation_cmake: 7.3.3 (/opt/ros/jazzy/share/rmw_implementation_cmake/cmake)
-- Found rmw_fastrtps_cpp: 8.4.3 (/opt/ros/jazzy/share/rmw_fastrtps_cpp/cmake)
-- Found OpenSSL: /usr/lib/x86_64-linux-gnu/libcrypto.so (found version "3.0.13")  
-- Found FastRTPS: /opt/ros/jazzy/include (Required is at least version "2.13") 
-- Using RMW implementation 'rmw_fastrtps_cpp' as default
-- Found sensor_msgs: 5.3.7 (/opt/ros/jazzy/share/sensor_msgs/cmake)
-- Found pcl_conversions: 2.6.4 (/opt/ros/jazzy/share/pcl_conversions/cmake)
[33mCMake Warning (dev) at /usr/lib/x86_64-linux-gnu/cmake/pcl/Modules/FindFLANN.cmake:45 (find_package):
  Policy CMP0144 is not set: find_package uses upper-case <PACKAGENAME>_ROOT
  variables.  Run "cmake --help-policy CMP0144" for policy details.  Use the
  cmake_policy command to set the policy and suppress this warning.

  CMake variable FLANN_ROOT is set to:

    /usr

  For compatibility, find_package is ignoring the variable, but code in a
  .cmake module might still use it.
Call Stack (most recent call first):
  /usr/lib/x86_64-linux-gnu/cmake/pcl/PCLConfig.cmake:261 (find_package)
  /usr/lib/x86_64-linux-gnu/cmake/pcl/PCLConfig.cmake:306 (find_flann)
  /usr/lib/x86_64-linux-gnu/cmake/pcl/PCLConfig.cmake:570 (find_external_library)
  /opt/ros/jazzy/share/pcl_conversions/cmake/ament_cmake_export_dependencies-extras.cmake:21 (find_package)
  /opt/ros/jazzy/share/pcl_conversions/cmake/pcl_conversionsConfig.cmake:41 (include)
  CMakeLists.txt:11 (find_package)
This warning is for project developers.  Use -Wno-dev to suppress it.
[0m
-- Found flann version 1.9.2
-- Found OpenMP_CXX: -fopenmp (found version "4.5") 
-- Found OpenMP: TRUE (found version "4.5") found components: CXX 
-- Checking for module 'libusb-1.0'
--   Found libusb-1.0, version 1.0.27
-- Found libusb: /usr/lib/x86_64-linux-gnu/libusb-1.0.so  
-- OpenNI found (version: 1.5.4.0, include: /usr/include/ni, lib: /usr/lib/libOpenNI.so;libusb::libusb)
-- OpenNI2 found (version: 2.2.0.33, include: /usr/include/openni2, lib: /usr/lib/x86_64-linux-gnu/libOpenNI2.so;libusb::libusb)
-- Could NOT find Pcap (missing: PCAP_LIBRARIES PCAP_INCLUDE_DIRS) 
-- Found ZLIB: /usr/lib/x86_64-linux-gnu/libz.so (found version "1.3")  
-- Found PNG: /usr/lib/x86_64-linux-gnu/libpng.so (found version "1.6.43") 
-- OpenNI found (version: 1.5.4.0, include: /usr/include/ni, lib: /usr/lib/libOpenNI.so;libusb::libusb)
-- OpenNI2 found (version: 2.2.0.33, include: /usr/include/openni2, lib: /usr/lib/x86_64-linux-gnu/libOpenNI2.so;libusb::libusb)
-- Found Qhull version 8.0.2
-- OpenNI found (version: 1.5.4.0, include: /usr/include/ni, lib: /usr/lib/libOpenNI.so;libusb::libusb)
-- Found PCL_COMMON: /usr/lib/x86_64-linux-gnu/libpcl_common.so  
-- Found PCL_KDTREE: /usr/lib/x86_64-linux-gnu/libpcl_kdtree.so  
-- Found PCL_OCTREE: /usr/lib/x86_64-linux-gnu/libpcl_octree.so  
-- Found PCL_SEARCH: /usr/lib/x86_64-linux-gnu/libpcl_search.so  
-- Found PCL_SAMPLE_CONSENSUS: /usr/lib/x86_64-linux-gnu/libpcl_sample_consensus.so  
-- Found PCL_FILTERS: /usr/lib/x86_64-linux-gnu/libpcl_filters.so  
-- Found PCL_2D: /usr/include/pcl-1.14  
-- Found PCL_GEOMETRY: /usr/include/pcl-1.14  
-- Found PCL_IO: /usr/lib/x86_64-linux-gnu/libpcl_io.so  
-- Found PCL_FEATURES: /usr/lib/x86_64-linux-gnu/libpcl_features.so  
-- Found PCL_ML: /usr/lib/x86_64-linux-gnu/libpcl_ml.so  
-- Found PCL_SEGMENTATION: /usr/lib/x86_64-linux-gnu/libpcl_segmentation.so  
-- Found PCL_VISUALIZATION: /usr/lib/x86_64-linux-gnu/libpcl_visualization.so  
-- Found PCL_SURFACE: /usr/lib/x86_64-linux-gnu/libpcl_surface.so  
-- Found PCL_REGISTRATION: /usr/lib/x86_64-linux-gnu/libpcl_registration.so  
-- Found PCL_KEYPOINTS: /usr/lib/x86_64-linux-gnu/libpcl_keypoints.so  
-- Found PCL_TRACKING: /usr/lib/x86_64-linux-gnu/libpcl_tracking.so  
-- Found PCL_RECOGNITION: /usr/lib/x86_64-linux-gnu/libpcl_recognition.so  
-- Found PCL_STEREO: /usr/lib/x86_64-linux-gnu/libpcl_stereo.so  
-- Found PCL_APPS: /usr/lib/x86_64-linux-gnu/libpcl_apps.so  
-- Found PCL_IN_HAND_SCANNER: /usr/include/pcl-1.14  
-- Found PCL_MODELER: /usr/include/pcl-1.14  
-- Found PCL_POINT_CLOUD_EDITOR: /usr/include/pcl-1.14  
-- Found PCL_OUTOFCORE: /usr/lib/x86_64-linux-gnu/libpcl_outofcore.so  
-- Found PCL_PEOPLE: /usr/lib/x86_64-linux-gnu/libpcl_people.so  
[33mCMake Warning (dev) at CMakeLists.txt:12 (find_package):
  Policy CMP0074 is not set: find_package uses <PackageName>_ROOT variables.
  Run "cmake --help-policy CMP0074" for policy details.  Use the cmake_policy
  command to set the policy and suppress this warning.

  CMake variable PCL_ROOT is set to:

    /usr

  For compatibility, CMake is ignoring the variable.
This warning is for project developers.  Use -Wno-dev to suppress it.
[0m
-- Found rosidl_default_generators: 1.6.0 (/opt/ros/jazzy/share/rosidl_default_generators/cmake)
-- Found rosidl_adapter: 4.6.7 (/opt/ros/jazzy/share/rosidl_adapter/cmake)
-- Found ament_cmake_ros: 0.12.0 (/opt/ros/jazzy/share/ament_cmake_ros/cmake)
-- Using all available rosidl_typesupport_c: rosidl_typesupport_fastrtps_c;rosidl_typesupport_introspection_c
-- Using all available rosidl_typesupport_cpp: rosidl_typesupport_fastrtps_cpp;rosidl_typesupport_introspection_cpp
-- Found python_cmake_module: 0.11.1 (/opt/ros/jazzy/share/python_cmake_module/cmake)
-- Found PythonExtra: /usr/bin/python3  
-- Found Python3: /usr/bin/python3 (found version "3.12.3") found components: Interpreter Development NumPy Development.Module Development.Embed 
-- Found Python3: /usr/bin/python3 (found version "3.12.3") found components: Interpreter 
-- Configuring done (4.8s)
-- Generating done (0.0s)
-- Build files have been written to: /home/polinaus/pointcloud_classifier/build/pointcloud_classifier
[  1%] [34m[1mGenerating Rust code for ROS interfaces[0m
[  3%] [34m[1mGenerating type hashes for ROS interfaces[0m
[  5%] [32mBuilding CXX object CMakeFiles/pcd_publisher.dir/src/pcd_publisher.cpp.o[0m
[  5%] Built target ament_cmake_python_copy_pointcloud_classifier
running egg_info
creating pointcloud_classifier.egg-info
[  5%] Built target pointcloud_classifier__rosidl_generator_type_description
writing pointcloud_classifier.egg-info/PKG-INFO
writing dependency_links to pointcloud_classifier.egg-info/dependency_links.txt
writing top-level names to pointcloud_classifier.egg-info/top_level.txt
writing manifest file 'pointcloud_classifier.egg-info/SOURCES.txt'
[  7%] [34m[1mGenerating C code for ROS interfaces[0m
[  7%] Built target pointcloud_classifier__rs
[  9%] [34m[1mGenerating C++ code for ROS interfaces[0m
reading manifest file 'pointcloud_classifier.egg-info/SOURCES.txt'
writing manifest file 'pointcloud_classifier.egg-info/SOURCES.txt'
[  9%] Built target ament_cmake_python_build_pointcloud_classifier_egg
[  9%] Built target pointcloud_classifier__cpp
[ 13%] [32mBuilding C object CMakeFiles/pointcloud_classifier__rosidl_generator_c.dir/rosidl_generator_c/pointcloud_classifier/msg/detail/cluster_result_array__description.c.o[0m
[ 13%] [32mBuilding C object CMakeFiles/pointcloud_classifier__rosidl_generator_c.dir/rosidl_generator_c/pointcloud_classifier/msg/detail/cluster_result__functions.c.o[0m
[ 15%] [32mBuilding C object CMakeFiles/pointcloud_classifier__rosidl_generator_c.dir/rosidl_generator_c/pointcloud_classifier/msg/detail/cluster_result__description.c.o[0m
[ 17%] [32mBuilding C object CMakeFiles/pointcloud_classifier__rosidl_generator_c.dir/rosidl_generator_c/pointcloud_classifier/msg/detail/cluster_result__type_support.c.o[0m
[ 21%] [32mBuilding C object CMakeFiles/pointcloud_classifier__rosidl_generator_c.dir/rosidl_generator_c/pointcloud_classifier/msg/detail/cluster_result_array__type_support.c.o[0m
[ 21%] [32mBuilding C object CMakeFiles/pointcloud_classifier__rosidl_generator_c.dir/rosidl_generator_c/pointcloud_classifier/msg/detail/cluster_result_array__functions.c.o[0m
[ 23%] [32m[1mLinking C shared library libpointcloud_classifier__rosidl_generator_c.so[0m
[ 23%] Built target pointcloud_classifier__rosidl_generator_c
[ 25%] [34m[1mGenerating C type support for eProsima Fast-RTPS[0m
[ 27%] [34m[1mGenerating C++ type support dispatch for ROS interfaces[0m
[ 29%] [34m[1mGenerating C++ introspection for ROS interfaces[0m
[ 33%] [34m[1mGenerating C introspection for ROS interfaces[0m
[ 33%] [34m[1mGenerating C++ type support for eProsima Fast-RTPS[0m
[ 35%] [34m[1mGenerating C type support dispatch for ROS interfaces[0m
[ 39%] [32mBuilding CXX object CMakeFiles/pointcloud_classifier__rosidl_typesupport_introspection_cpp.dir/rosidl_typesupport_introspection_cpp/pointcloud_classifier/msg/detail/cluster_result__type_support.cpp.o[0m
[ 39%] [32mBuilding CXX object CMakeFiles/pointcloud_classifier__rosidl_typesupport_introspection_cpp.dir/rosidl_typesupport_introspection_cpp/pointcloud_classifier/msg/detail/cluster_result_array__type_support.cpp.o[0m
[ 47%] [32mBuilding CXX object CMakeFiles/pointcloud_classifier__rosidl_typesupport_fastrtps_c.dir/rosidl_typesupport_fastrtps_c/pointcloud_classifier/msg/detail/cluster_result_array__type_support_c.cpp.o[0m
[ 47%] [32mBuilding CXX object CMakeFiles/pointcloud_classifier__rosidl_typesupport_fastrtps_cpp.dir/rosidl_typesupport_fastrtps_cpp/pointcloud_classifier/msg/detail/dds_fastrtps/cluster_result__type_support.cpp.o[0m
[ 47%] [32mBuilding CXX object CMakeFiles/pointcloud_classifier__rosidl_typesupport_fastrtps_c.dir/rosidl_typesupport_fastrtps_c/pointcloud_classifier/msg/detail/cluster_result__type_support_c.cpp.o[0m
[ 47%] [32mBuilding CXX object CMakeFiles/pointcloud_classifier__rosidl_typesupport_fastrtps_cpp.dir/rosidl_typesupport_fastrtps_cpp/pointcloud_classifier/msg/detail/dds_fastrtps/cluster_result_array__type_support.cpp.o[0m
[ 50%] [32mBuilding C object CMakeFiles/pointcloud_classifier__rosidl_typesupport_introspection_c.dir/rosidl_typesupport_introspection_c/pointcloud_classifier/msg/detail/cluster_result_array__type_support.c.o[0m
[ 50%] [32mBuilding C object CMakeFiles/pointcloud_classifier__rosidl_typesupport_introspection_c.dir/rosidl_typesupport_introspection_c/pointcloud_classifier/msg/detail/cluster_result__type_support.c.o[0m
[ 52%] [32mBuilding CXX object CMakeFiles/pointcloud_classifier__rosidl_typesupport_cpp.dir/rosidl_typesupport_cpp/pointcloud_classifier/msg/cluster_result_array__type_support.cpp.o[0m
[ 54%] [32mBuilding CXX object CMakeFiles/pointcloud_classifier__rosidl_typesupport_cpp.dir/rosidl_typesupport_cpp/pointcloud_classifier/msg/cluster_result__type_support.cpp.o[0m
[ 58%] [32mBuilding CXX object CMakeFiles/pointcloud_classifier__rosidl_typesupport_c.dir/rosidl_typesupport_c/pointcloud_classifier/msg/cluster_result_array__type_support.cpp.o[0m
[ 58%] [32mBuilding CXX object CMakeFiles/pointcloud_classifier__rosidl_typesupport_c.dir/rosidl_typesupport_c/pointcloud_classifier/msg/cluster_result__type_support.cpp.o[0m
[ 60%] [32m[1mLinking C shared library libpointcloud_classifier__rosidl_typesupport_introspection_c.so[0m
[ 60%] Built target pointcloud_classifier__rosidl_typesupport_introspection_c
[ 62%] [32m[1mLinking CXX shared library libpointcloud_classifier__rosidl_typesupport_c.so[0m
[ 62%] Built target pointcloud_classifier__rosidl_typesupport_c
[ 64%] [32m[1mLinking CXX shared library libpointcloud_classifier__rosidl_typesupport_introspection_cpp.so[0m
[ 66%] [32m[1mLinking CXX shared library libpointcloud_classifier__rosidl_typesupport_cpp.so[0m
[ 66%] Built target pointcloud_classifier__rosidl_typesupport_introspection_cpp
[ 66%] Built target pointcloud_classifier__rosidl_typesupport_cpp
[ 68%] [32mBuilding CXX object CMakeFiles/classifier_node.dir/src/pointcloud_processor.cpp.o[0m
[ 72%] [32mBuilding CXX object CMakeFiles/classifier_node.dir/src/classifier_node.cpp.o[0m
[ 72%] [32mBuilding CXX object CMakeFiles/classifier_node.dir/src/utils.cpp.o[0m
[ 74%] [32m[1mLinking CXX shared library libpointcloud_classifier__rosidl_typesupport_fastrtps_c.so[0m
[ 76%] [32m[1mLinking CXX shared library libpointcloud_classifier__rosidl_typesupport_fastrtps_cpp.so[0m
[ 76%] Built target pointcloud_classifier__rosidl_typesupport_fastrtps_c
[ 76%] Built target pointcloud_classifier__rosidl_typesupport_fastrtps_cpp
[ 76%] Built target pointcloud_classifier
[ 78%] [34m[1mGenerating Python code for ROS interfaces[0m
[ 78%] Built target pointcloud_classifier__py
[ 82%] [32mBuilding C object CMakeFiles/pointcloud_classifier__rosidl_generator_py.dir/rosidl_generator_py/pointcloud_classifier/msg/_cluster_result_array_s.c.o[0m
[ 82%] [32mBuilding C object CMakeFiles/pointcloud_classifier__rosidl_generator_py.dir/rosidl_generator_py/pointcloud_classifier/msg/_cluster_result_s.c.o[0m
[ 84%] [32m[1mLinking C shared library libpointcloud_classifier__rosidl_generator_py.so[0m
[ 84%] Built target pointcloud_classifier__rosidl_generator_py
[ 86%] [32mBuilding C object CMakeFiles/pointcloud_classifier_s__rosidl_typesupport_c.dir/rosidl_generator_py/pointcloud_classifier/_pointcloud_classifier_s.ep.rosidl_typesupport_c.c.o[0m
[ 88%] [32mBuilding C object CMakeFiles/pointcloud_classifier_s__rosidl_typesupport_fastrtps_c.dir/rosidl_generator_py/pointcloud_classifier/_pointcloud_classifier_s.ep.rosidl_typesupport_fastrtps_c.c.o[0m
[ 90%] [32mBuilding C object CMakeFiles/pointcloud_classifier_s__rosidl_typesupport_introspection_c.dir/rosidl_generator_py/pointcloud_classifier/_pointcloud_classifier_s.ep.rosidl_typesupport_introspection_c.c.o[0m
[ 92%] [32m[1mLinking C shared module rosidl_generator_py/pointcloud_classifier/pointcloud_classifier_s__rosidl_typesupport_c.so[0m
[ 92%] Built target pointcloud_classifier_s__rosidl_typesupport_c
[ 94%] [32m[1mLinking C shared module rosidl_generator_py/pointcloud_classifier/pointcloud_classifier_s__rosidl_typesupport_fastrtps_c.so[0m
[ 96%] [32m[1mLinking C shared module rosidl_generator_py/pointcloud_classifier/pointcloud_classifier_s__rosidl_typesupport_introspection_c.so[0m
[ 96%] Built target pointcloud_classifier_s__rosidl_typesupport_introspection_c
[ 96%] Built target pointcloud_classifier_s__rosidl_typesupport_fastrtps_c
[ 98%] [32m[1mLinking CXX executable pcd_publisher[0m
[ 98%] Built target pcd_publisher
[100%] [32m[1mLinking CXX executable classifier_node[0m
[100%] Built target classifier_node
-- Install configuration: ""
-- Installing: /home/polinaus/pointcloud_classifier/install/pointcloud_classifier/share/ament_index/resource_index/rosidl_interfaces/pointcloud_classifier
-- Installing: /home/polinaus/pointcloud_classifier/install/pointcloud_classifier/share/pointcloud_classifier/msg/ClusterResult.json
-- Installing: /home/polinaus/pointcloud_classifier/install/pointcloud_classifier/share/pointcloud_classifier/msg/ClusterResultArray.json
-- Installing: /home/polinaus/pointcloud_classifier/install/pointcloud_classifier/include/pointcloud_classifier/pointcloud_classifier
-- Installing: /home/polinaus/pointcloud_classifier/install/pointcloud_classifier/include/pointcloud_classifier/pointcloud_classifier/msg
-- Installing: /home/polinaus/pointcloud_classifier/install/pointcloud_classifier/include/pointcloud_classifier/pointcloud_classifier/msg/cluster_result.h
-- Installing: /home/polinaus/pointcloud_classifier/install/pointcloud_classifier/include/pointcloud_classifier/pointcloud_classifier/msg/rosidl_generator_c__visibility_control.h
-- Installing: /home/polinaus/pointcloud_classifier/install/pointcloud_classifier/include/pointcloud_classifier/pointcloud_classifier/msg/cluster_result_array.h
-- Installing: /home/polinaus/pointcloud_classifier/install/pointcloud_classifier/include/pointcloud_classifier/pointcloud_classifier/msg/detail
-- Installing: /home/polinaus/pointcloud_classifier/install/pointcloud_classifier/include/pointcloud_classifier/pointcloud_classifier/msg/detail/cluster_result_array__description.c
-- Installing: /home/polinaus/pointcloud_classifier/install/pointcloud_classifier/include/pointcloud_classifier/pointcloud_classifier/msg/detail/cluster_result_array__type_support.h
-- Installing: /home/polinaus/pointcloud_classifier/install/pointcloud_classifier/include/pointcloud_classifier/pointcloud_classifier/msg/detail/cluster_result__type_support.h
-- Installing: /home/polinaus/pointcloud_classifier/install/pointcloud_classifier/include/pointcloud_classifier/pointcloud_classifier/msg/detail/cluster_result__description.c
-- Installing: /home/polinaus/pointcloud_classifier/install/pointcloud_classifier/include/pointcloud_classifier/pointcloud_classifier/msg/detail/cluster_result_array__struct.h
-- Installing: /home/polinaus/pointcloud_classifier/install/pointcloud_classifier/include/pointcloud_classifier/pointcloud_classifier/msg/detail/cluster_result__struct.h
-- Installing: /home/polinaus/pointcloud_classifier/install/pointcloud_classifier/include/pointcloud_classifier/pointcloud_classifier/msg/detail/cluster_result__functions.c
-- Installing: /home/polinaus/pointcloud_classifier/install/pointcloud_classifier/include/pointcloud_classifier/pointcloud_classifier/msg/detail/cluster_result__type_support.c
-- Installing: /home/polinaus/pointcloud_classifier/install/pointcloud_classifier/include/pointcloud_classifier/pointcloud_classifier/msg/detail/cluster_result_array__type_support.c
-- Installing: /home/polinaus/pointcloud_classifier/install/pointcloud_classifier/include/pointcloud_classifier/pointcloud_classifier/msg/detail/cluster_result_array__functions.h
-- Installing: /home/polinaus/pointcloud_classifier/install/pointcloud_classifier/include/pointcloud_classifier/pointcloud_classifier/msg/detail/cluster_result__functions.h
-- Installing: /home/polinaus/pointcloud_classifier/install/pointcloud_classifier/include/pointcloud_classifier/pointcloud_classifier/msg/detail/cluster_result_array__functions.c
-- Installing: /home/polinaus/pointcloud_classifier/install/pointcloud_classifier/share/pointcloud_classifier/environment/library_path.sh
-- Installing: /home/polinaus/pointcloud_classifier/install/pointcloud_classifier/share/pointcloud_classifier/environment/library_path.dsv
-- Installing: /home/polinaus/pointcloud_classifier/install/pointcloud_classifier/lib/libpointcloud_classifier__rosidl_generator_c.so
-- Set non-toolchain portion of runtime path of "/home/polinaus/pointcloud_classifier/install/pointcloud_classifier/lib/libpointcloud_classifier__rosidl_generator_c.so" to ""
-- Up-to-date: /home/polinaus/pointcloud_classifier/install/pointcloud_classifier/include/pointcloud_classifier/pointcloud_classifier
-- Up-to-date: /home/polinaus/pointcloud_classifier/install/pointcloud_classifier/include/pointcloud_classifier/pointcloud_classifier/msg
-- Installing: /home/polinaus/pointcloud_classifier/install/pointcloud_classifier/include/pointcloud_classifier/pointcloud_classifier/msg/rosidl_typesupport_fastrtps_c__visibility_control.h
-- Up-to-date: /home/polinaus/pointcloud_classifier/install/pointcloud_classifier/include/pointcloud_classifier/pointcloud_classifier/msg/detail
-- Installing: /home/polinaus/pointcloud_classifier/install/pointcloud_classifier/include/pointcloud_classifier/pointcloud_classifier/msg/detail/cluster_result__rosidl_typesupport_fastrtps_c.h
-- Installing: /home/polinaus/pointcloud_classifier/install/pointcloud_classifier/include/pointcloud_classifier/pointcloud_classifier/msg/detail/cluster_result_array__rosidl_typesupport_fastrtps_c.h
-- Installing: /home/polinaus/pointcloud_classifier/install/pointcloud_classifier/lib/libpointcloud_classifier__rosidl_typesupport_fastrtps_c.so
-- Set non-toolchain portion of runtime path of "/home/polinaus/pointcloud_classifier/install/pointcloud_classifier/lib/libpointcloud_classifier__rosidl_typesupport_fastrtps_c.so" to ""
-- Up-to-date: /home/polinaus/pointcloud_classifier/install/pointcloud_classifier/include/pointcloud_classifier/pointcloud_classifier
-- Up-to-date: /home/polinaus/pointcloud_classifier/install/pointcloud_classifier/include/pointcloud_classifier/pointcloud_classifier/msg
-- Installing: /home/polinaus/pointcloud_classifier/install/pointcloud_classifier/include/pointcloud_classifier/pointcloud_classifier/msg/cluster_result_array.hpp
-- Installing: /home/polinaus/pointcloud_classifier/install/pointcloud_classifier/include/pointcloud_classifier/pointcloud_classifier/msg/cluster_result.hpp
-- Installing: /home/polinaus/pointcloud_classifier/install/pointcloud_classifier/include/pointcloud_classifier/pointcloud_classifier/msg/rosidl_generator_cpp__visibility_control.hpp
-- Up-to-date: /home/polinaus/pointcloud_classifier/install/pointcloud_classifier/include/pointcloud_classifier/pointcloud_classifier/msg/detail
-- Installing: /home/polinaus/pointcloud_classifier/install/pointcloud_classifier/include/pointcloud_classifier/pointcloud_classifier/msg/detail/cluster_result_array__type_support.hpp
-- Installing: /home/polinaus/pointcloud_classifier/install/pointcloud_classifier/include/pointcloud_classifier/pointcloud_classifier/msg/detail/cluster_result__struct.hpp
-- Installing: /home/polinaus/pointcloud_classifier/install/pointcloud_classifier/include/pointcloud_classifier/pointcloud_classifier/msg/detail/cluster_result__traits.hpp
-- Installing: /home/polinaus/pointcloud_classifier/install/pointcloud_classifier/include/pointcloud_classifier/pointcloud_classifier/msg/detail/cluster_result_array__traits.hpp
-- Installing: /home/polinaus/pointcloud_classifier/install/pointcloud_classifier/include/pointcloud_classifier/pointcloud_classifier/msg/detail/cluster_result__builder.hpp
-- Installing: /home/polinaus/pointcloud_classifier/install/pointcloud_classifier/include/pointcloud_classifier/pointcloud_classifier/msg/detail/cluster_result__type_support.hpp
-- Installing: /home/polinaus/pointcloud_classifier/install/pointcloud_classifier/include/pointcloud_classifier/pointcloud_classifier/msg/detail/cluster_result_array__struct.hpp
-- Installing: /home/polinaus/pointcloud_classifier/install/pointcloud_classifier/include/pointcloud_classifier/pointcloud_classifier/msg/detail/cluster_result_array__builder.hpp
-- Up-to-date: /home/polinaus/pointcloud_classifier/install/pointcloud_classifier/include/pointcloud_classifier/pointcloud_classifier
-- Up-to-date: /home/polinaus/pointcloud_classifier/install/pointcloud_classifier/include/pointcloud_classifier/pointcloud_classifier/msg
-- Installing: /home/polinaus/pointcloud_classifier/install/pointcloud_classifier/include/pointcloud_classifier/pointcloud_classifier/msg/rosidl_typesupport_fastrtps_cpp__visibility_control.h
-- Up-to-date: /home/polinaus/pointcloud_classifier/install/pointcloud_classifier/include/pointcloud_classifier/pointcloud_classifier/msg/detail
-- Installing: /home/polinaus/pointcloud_classifier/install/pointcloud_classifier/include/pointcloud_classifier/pointcloud_classifier/msg/detail/cluster_result__rosidl_typesupport_fastrtps_cpp.hpp
-- Installing: /home/polinaus/pointcloud_classifier/install/pointcloud_classifier/include/pointcloud_classifier/pointcloud_classifier/msg/detail/cluster_result_array__rosidl_typesupport_fastrtps_cpp.hpp
-- Installing: /home/polinaus/pointcloud_classifier/install/pointcloud_classifier/include/pointcloud_classifier/pointcloud_classifier/msg/detail/dds_fastrtps
-- Installing: /home/polinaus/pointcloud_classifier/install/pointcloud_classifier/lib/libpointcloud_classifier__rosidl_typesupport_fastrtps_cpp.so
-- Set non-toolchain portion of runtime path of "/home/polinaus/pointcloud_classifier/install/pointcloud_classifier/lib/libpointcloud_classifier__rosidl_typesupport_fastrtps_cpp.so" to ""
-- Up-to-date: /home/polinaus/pointcloud_classifier/install/pointcloud_classifier/include/pointcloud_classifier/pointcloud_classifier
-- Up-to-date: /home/polinaus/pointcloud_classifier/install/pointcloud_classifier/include/pointcloud_classifier/pointcloud_classifier/msg
-- Installing: /home/polinaus/pointcloud_classifier/install/pointcloud_classifier/include/pointcloud_classifier/pointcloud_classifier/msg/rosidl_typesupport_introspection_c__visibility_control.h
-- Up-to-date: /home/polinaus/pointcloud_classifier/install/pointcloud_classifier/include/pointcloud_classifier/pointcloud_classifier/msg/detail
-- Installing: /home/polinaus/pointcloud_classifier/install/pointcloud_classifier/include/pointcloud_classifier/pointcloud_classifier/msg/detail/cluster_result__rosidl_typesupport_introspection_c.h
-- Installing: /home/polinaus/pointcloud_classifier/install/pointcloud_classifier/include/pointcloud_classifier/pointcloud_classifier/msg/detail/cluster_result__type_support.c
-- Installing: /home/polinaus/pointcloud_classifier/install/pointcloud_classifier/include/pointcloud_classifier/pointcloud_classifier/msg/detail/cluster_result_array__type_support.c
-- Installing: /home/polinaus/pointcloud_classifier/install/pointcloud_classifier/include/pointcloud_classifier/pointcloud_classifier/msg/detail/cluster_result_array__rosidl_typesupport_introspection_c.h
-- Installing: /home/polinaus/pointcloud_classifier/install/pointcloud_classifier/lib/libpointcloud_classifier__rosidl_typesupport_introspection_c.so
-- Set non-toolchain portion of runtime path of "/home/polinaus/pointcloud_classifier/install/pointcloud_classifier/lib/libpointcloud_classifier__rosidl_typesupport_introspection_c.so" to ""
-- Installing: /home/polinaus/pointcloud_classifier/install/pointcloud_classifier/lib/libpointcloud_classifier__rosidl_typesupport_c.so
-- Set non-toolchain portion of runtime path of "/home/polinaus/pointcloud_classifier/install/pointcloud_classifier/lib/libpointcloud_classifier__rosidl_typesupport_c.so" to ""
-- Up-to-date: /home/polinaus/pointcloud_classifier/install/pointcloud_classifier/include/pointcloud_classifier/pointcloud_classifier
-- Up-to-date: /home/polinaus/pointcloud_classifier/install/pointcloud_classifier/include/pointcloud_classifier/pointcloud_classifier/msg
-- Up-to-date: /home/polinaus/pointcloud_classifier/install/pointcloud_classifier/include/pointcloud_classifier/pointcloud_classifier/msg/detail
-- Installing: /home/polinaus/pointcloud_classifier/install/pointcloud_classifier/include/pointcloud_classifier/pointcloud_classifier/msg/detail/cluster_result__rosidl_typesupport_introspection_cpp.hpp
-- Installing: /home/polinaus/pointcloud_classifier/install/pointcloud_classifier/include/pointcloud_classifier/pointcloud_classifier/msg/detail/cluster_result__type_support.cpp
-- Installing: /home/polinaus/pointcloud_classifier/install/pointcloud_classifier/include/pointcloud_classifier/pointcloud_classifier/msg/detail/cluster_result_array__type_support.cpp
-- Installing: /home/polinaus/pointcloud_classifier/install/pointcloud_classifier/include/pointcloud_classifier/pointcloud_classifier/msg/detail/cluster_result_array__rosidl_typesupport_introspection_cpp.hpp
-- Installing: /home/polinaus/pointcloud_classifier/install/pointcloud_classifier/lib/libpointcloud_classifier__rosidl_typesupport_introspection_cpp.so
-- Set non-toolchain portion of runtime path of "/home/polinaus/pointcloud_classifier/install/pointcloud_classifier/lib/libpointcloud_classifier__rosidl_typesupport_introspection_cpp.so" to ""
-- Installing: /home/polinaus/pointcloud_classifier/install/pointcloud_classifier/lib/libpointcloud_classifier__rosidl_typesupport_cpp.so
-- Set non-toolchain portion of runtime path of "/home/polinaus/pointcloud_classifier/install/pointcloud_classifier/lib/libpointcloud_classifier__rosidl_typesupport_cpp.so" to ""
-- Installing: /home/polinaus/pointcloud_classifier/install/pointcloud_classifier/share/pointcloud_classifier/environment/pythonpath.sh
-- Installing: /home/polinaus/pointcloud_classifier/install/pointcloud_classifier/share/pointcloud_classifier/environment/pythonpath.dsv
-- Installing: /home/polinaus/pointcloud_classifier/install/pointcloud_classifier/lib/python3.12/site-packages/pointcloud_classifier-0.0.1-py3.12.egg-info
-- Installing: /home/polinaus/pointcloud_classifier/install/pointcloud_classifier/lib/python3.12/site-packages/pointcloud_classifier-0.0.1-py3.12.egg-info/SOURCES.txt
-- Installing: /home/polinaus/pointcloud_classifier/install/pointcloud_classifier/lib/python3.12/site-packages/pointcloud_classifier-0.0.1-py3.12.egg-info/top_level.txt
-- Installing: /home/polinaus/pointcloud_classifier/install/pointcloud_classifier/lib/python3.12/site-packages/pointcloud_classifier-0.0.1-py3.12.egg-info/dependency_links.txt
-- Installing: /home/polinaus/pointcloud_classifier/install/pointcloud_classifier/lib/python3.12/site-packages/pointcloud_classifier-0.0.1-py3.12.egg-info/PKG-INFO
-- Installing: /home/polinaus/pointcloud_classifier/install/pointcloud_classifier/lib/python3.12/site-packages/pointcloud_classifier
-- Installing: /home/polinaus/pointcloud_classifier/install/pointcloud_classifier/lib/python3.12/site-packages/pointcloud_classifier/_pointcloud_classifier_s.ep.rosidl_typesupport_c.c
-- Installing: /home/polinaus/pointcloud_classifier/install/pointcloud_classifier/lib/python3.12/site-packages/pointcloud_classifier/pointcloud_classifier_s__rosidl_typesupport_fastrtps_c.so
-- Installing: /home/polinaus/pointcloud_classifier/install/pointcloud_classifier/lib/python3.12/site-packages/pointcloud_classifier/_pointcloud_classifier_s.ep.rosidl_typesupport_fastrtps_c.c
-- Installing: /home/polinaus/pointcloud_classifier/install/pointcloud_classifier/lib/python3.12/site-packages/pointcloud_classifier/__init__.py
-- Installing: /home/polinaus/pointcloud_classifier/install/pointcloud_classifier/lib/python3.12/site-packages/pointcloud_classifier/pointcloud_classifier_s__rosidl_typesupport_introspection_c.so
-- Installing: /home/polinaus/pointcloud_classifier/install/pointcloud_classifier/lib/python3.12/site-packages/pointcloud_classifier/msg
-- Installing: /home/polinaus/pointcloud_classifier/install/pointcloud_classifier/lib/python3.12/site-packages/pointcloud_classifier/msg/_cluster_result.py
-- Installing: /home/polinaus/pointcloud_classifier/install/pointcloud_classifier/lib/python3.12/site-packages/pointcloud_classifier/msg/_cluster_result_array_s.c
-- Installing: /home/polinaus/pointcloud_classifier/install/pointcloud_classifier/lib/python3.12/site-packages/pointcloud_classifier/msg/_cluster_result_array.py
-- Installing: /home/polinaus/pointcloud_classifier/install/pointcloud_classifier/lib/python3.12/site-packages/pointcloud_classifier/msg/__init__.py
-- Installing: /home/polinaus/pointcloud_classifier/install/pointcloud_classifier/lib/python3.12/site-packages/pointcloud_classifier/msg/_cluster_result_s.c
-- Installing: /home/polinaus/pointcloud_classifier/install/pointcloud_classifier/lib/python3.12/site-packages/pointcloud_classifier/pointcloud_classifier_s__rosidl_typesupport_c.so
-- Installing: /home/polinaus/pointcloud_classifier/install/pointcloud_classifier/lib/python3.12/site-packages/pointcloud_classifier/_pointcloud_classifier_s.ep.rosidl_typesupport_introspection_c.c
Listing '/home/polinaus/pointcloud_classifier/install/pointcloud_classifier/lib/python3.12/site-packages/pointcloud_classifier'...
Compiling '/home/polinaus/pointcloud_classifier/install/pointcloud_classifier/lib/python3.12/site-packages/pointcloud_classifier/__init__.py'...
Listing '/home/polinaus/pointcloud_classifier/install/pointcloud_classifier/lib/python3.12/site-packages/pointcloud_classifier/msg'...
Compiling '/home/polinaus/pointcloud_classifier/install/pointcloud_classifier/lib/python3.12/site-packages/pointcloud_classifier/msg/__init__.py'...
Compiling '/home/polinaus/pointcloud_classifier/install/pointcloud_classifier/lib/python3.12/site-packages/pointcloud_classifier/msg/_cluster_result.py'...
Compiling '/home/polinaus/pointcloud_classifier/install/pointcloud_classifier/lib/python3.12/site-packages/pointcloud_classifier/msg/_cluster_result_array.py'...
-- Installing: /home/polinaus/pointcloud_classifier/install/pointcloud_classifier/lib/python3.12/site-packages/pointcloud_classifier/pointcloud_classifier_s__rosidl_typesupport_fastrtps_c.so
-- Set non-toolchain portion of runtime path of "/home/polinaus/pointcloud_classifier/install/pointcloud_classifier/lib/python3.12/site-packages/pointcloud_classifier/pointcloud_classifier_s__rosidl_typesupport_fastrtps_c.so" to ""
-- Installing: /home/polinaus/pointcloud_classifier/install/pointcloud_classifier/lib/python3.12/site-packages/pointcloud_classifier/pointcloud_classifier_s__rosidl_typesupport_introspection_c.so
-- Set non-toolchain portion of runtime path of "/home/polinaus/pointcloud_classifier/install/pointcloud_classifier/lib/python3.12/site-packages/pointcloud_classifier/pointcloud_classifier_s__rosidl_typesupport_introspection_c.so" to ""
-- Installing: /home/polinaus/pointcloud_classifier/install/pointcloud_classifier/lib/python3.12/site-packages/pointcloud_classifier/pointcloud_classifier_s__rosidl_typesupport_c.so
-- Set non-toolchain portion of runtime path of "/home/polinaus/pointcloud_classifier/install/pointcloud_classifier/lib/python3.12/site-packages/pointcloud_classifier/pointcloud_classifier_s__rosidl_typesupport_c.so" to ""
-- Installing: /home/polinaus/pointcloud_classifier/install/pointcloud_classifier/lib/libpointcloud_classifier__rosidl_generator_py.so
-- Set non-toolchain portion of runtime path of "/home/polinaus/pointcloud_classifier/install/pointcloud_classifier/lib/libpointcloud_classifier__rosidl_generator_py.so" to ""
-- Installing: /home/polinaus/pointcloud_classifier/install/pointcloud_classifier/share/ament_index/resource_index/rust_packages/pointcloud_classifier
-- Installing: /home/polinaus/pointcloud_classifier/install/pointcloud_classifier/share/pointcloud_classifier/rust
-- Installing: /home/polinaus/pointcloud_classifier/install/pointcloud_classifier/share/pointcloud_classifier/rust/build.rs
-- Installing: /home/polinaus/pointcloud_classifier/install/pointcloud_classifier/share/pointcloud_classifier/rust/src
-- Installing: /home/polinaus/pointcloud_classifier/install/pointcloud_classifier/share/pointcloud_classifier/rust/src/msg.rs
-- Installing: /home/polinaus/pointcloud_classifier/install/pointcloud_classifier/share/pointcloud_classifier/rust/src/lib.rs
-- Installing: /home/polinaus/pointcloud_classifier/install/pointcloud_classifier/share/pointcloud_classifier/rust/src/msg
-- Installing: /home/polinaus/pointcloud_classifier/install/pointcloud_classifier/share/pointcloud_classifier/rust/src/msg/rmw.rs
-- Installing: /home/polinaus/pointcloud_classifier/install/pointcloud_classifier/share/pointcloud_classifier/rust/Cargo.toml
-- Installing: /home/polinaus/pointcloud_classifier/install/pointcloud_classifier/share/pointcloud_classifier/msg/ClusterResult.idl
-- Installing: /home/polinaus/pointcloud_classifier/install/pointcloud_classifier/share/pointcloud_classifier/msg/ClusterResultArray.idl
-- Installing: /home/polinaus/pointcloud_classifier/install/pointcloud_classifier/share/pointcloud_classifier/msg/ClusterResult.msg
-- Installing: /home/polinaus/pointcloud_classifier/install/pointcloud_classifier/share/pointcloud_classifier/msg/ClusterResultArray.msg
-- Installing: /home/polinaus/pointcloud_classifier/install/pointcloud_classifier/lib/pointcloud_classifier/classifier_node
-- Set non-toolchain portion of runtime path of "/home/polinaus/pointcloud_classifier/install/pointcloud_classifier/lib/pointcloud_classifier/classifier_node" to ""
-- Installing: /home/polinaus/pointcloud_classifier/install/pointcloud_classifier/lib/pointcloud_classifier/pcd_publisher
-- Set non-toolchain portion of runtime path of "/home/polinaus/pointcloud_classifier/install/pointcloud_classifier/lib/pointcloud_classifier/pcd_publisher" to ""
-- Up-to-date: /home/polinaus/pointcloud_classifier/install/pointcloud_classifier/include
-- Installing: /home/polinaus/pointcloud_classifier/install/pointcloud_classifier/include/cluster_info.hpp
-- Installing: /home/polinaus/pointcloud_classifier/install/pointcloud_classifier/include/pointcloud_processor.hpp
-- Installing: /home/polinaus/pointcloud_classifier/install/pointcloud_classifier/include/utils.hpp
-- Installing: /home/polinaus/pointcloud_classifier/install/pointcloud_classifier/share/pointcloud_classifier/launch
-- Installing: /home/polinaus/pointcloud_classifier/install/pointcloud_classifier/share/pointcloud_classifier/launch/classifier_launch.py
-- Up-to-date: /home/polinaus/pointcloud_classifier/install/pointcloud_classifier/share/pointcloud_classifier/msg/ClusterResult.msg
-- Up-to-date: /home/polinaus/pointcloud_classifier/install/pointcloud_classifier/share/pointcloud_classifier/msg/ClusterResultArray.msg
-- Installing: /home/polinaus/pointcloud_classifier/install/pointcloud_classifier/share/ament_index/resource_index/package_run_dependencies/pointcloud_classifier
-- Installing: /home/polinaus/pointcloud_classifier/install/pointcloud_classifier/share/ament_index/resource_index/parent_prefix_path/pointcloud_classifier
-- Installing: /home/polinaus/pointcloud_classifier/install/pointcloud_classifier/share/pointcloud_classifier/environment/ament_prefix_path.sh
-- Installing: /home/polinaus/pointcloud_classifier/install/pointcloud_classifier/share/pointcloud_classifier/environment/ament_prefix_path.dsv
-- Installing: /home/polinaus/pointcloud_classifier/install/pointcloud_classifier/share/pointcloud_classifier/environment/path.sh
-- Installing: /home/polinaus/pointcloud_classifier/install/pointcloud_classifier/share/pointcloud_classifier/environment/path.dsv
-- Installing: /home/polinaus/pointcloud_classifier/install/pointcloud_classifier/share/pointcloud_classifier/local_setup.bash
-- Installing: /home/polinaus/pointcloud_classifier/install/pointcloud_classifier/share/pointcloud_classifier/local_setup.sh
-- Installing: /home/polinaus/pointcloud_classifier/install/pointcloud_classifier/share/pointcloud_classifier/local_setup.zsh
-- Installing: /home/polinaus/pointcloud_classifier/install/pointcloud_classifier/share/pointcloud_classifier/local_setup.dsv
-- Installing: /home/polinaus/pointcloud_classifier/install/pointcloud_classifier/share/pointcloud_classifier/package.dsv
-- Installing: /home/polinaus/pointcloud_classifier/install/pointcloud_classifier/share/ament_index/resource_index/packages/pointcloud_classifier
-- Installing: /home/polinaus/pointcloud_classifier/install/pointcloud_classifier/share/pointcloud_classifier/cmake/export_pointcloud_classifier__rosidl_generator_cExport.cmake
-- Installing: /home/polinaus/pointcloud_classifier/install/pointcloud_classifier/share/pointcloud_classifier/cmake/export_pointcloud_classifier__rosidl_generator_cExport-noconfig.cmake
-- Installing: /home/polinaus/pointcloud_classifier/install/pointcloud_classifier/share/pointcloud_classifier/cmake/export_pointcloud_classifier__rosidl_typesupport_fastrtps_cExport.cmake
-- Installing: /home/polinaus/pointcloud_classifier/install/pointcloud_classifier/share/pointcloud_classifier/cmake/export_pointcloud_classifier__rosidl_typesupport_fastrtps_cExport-noconfig.cmake
-- Installing: /home/polinaus/pointcloud_classifier/install/pointcloud_classifier/share/pointcloud_classifier/cmake/export_pointcloud_classifier__rosidl_generator_cppExport.cmake
-- Installing: /home/polinaus/pointcloud_classifier/install/pointcloud_classifier/share/pointcloud_classifier/cmake/export_pointcloud_classifier__rosidl_typesupport_fastrtps_cppExport.cmake
-- Installing: /home/polinaus/pointcloud_classifier/install/pointcloud_classifier/share/pointcloud_classifier/cmake/export_pointcloud_classifier__rosidl_typesupport_fastrtps_cppExport-noconfig.cmake
-- Installing: /home/polinaus/pointcloud_classifier/install/pointcloud_classifier/share/pointcloud_classifier/cmake/pointcloud_classifier__rosidl_typesupport_introspection_cExport.cmake
-- Installing: /home/polinaus/pointcloud_classifier/install/pointcloud_classifier/share/pointcloud_classifier/cmake/pointcloud_classifier__rosidl_typesupport_introspection_cExport-noconfig.cmake
-- Installing: /home/polinaus/pointcloud_classifier/install/pointcloud_classifier/share/pointcloud_classifier/cmake/pointcloud_classifier__rosidl_typesupport_cExport.cmake
-- Installing: /home/polinaus/pointcloud_classifier/install/pointcloud_classifier/share/pointcloud_classifier/cmake/pointcloud_classifier__rosidl_typesupport_cExport-noconfig.cmake
-- Installing: /home/polinaus/pointcloud_classifier/install/pointcloud_classifier/share/pointcloud_classifier/cmake/pointcloud_classifier__rosidl_typesupport_introspection_cppExport.cmake
-- Installing: /home/polinaus/pointcloud_classifier/install/pointcloud_classifier/share/pointcloud_classifier/cmake/pointcloud_classifier__rosidl_typesupport_introspection_cppExport-noconfig.cmake
-- Installing: /home/polinaus/pointcloud_classifier/install/pointcloud_classifier/share/pointcloud_classifier/cmake/pointcloud_classifier__rosidl_typesupport_cppExport.cmake
-- Installing: /home/polinaus/pointcloud_classifier/install/pointcloud_classifier/share/pointcloud_classifier/cmake/pointcloud_classifier__rosidl_typesupport_cppExport-noconfig.cmake
-- Installing: /home/polinaus/pointcloud_classifier/install/pointcloud_classifier/share/pointcloud_classifier/cmake/export_pointcloud_classifier__rosidl_generator_pyExport.cmake
-- Installing: /home/polinaus/pointcloud_classifier/install/pointcloud_classifier/share/pointcloud_classifier/cmake/export_pointcloud_classifier__rosidl_generator_pyExport-noconfig.cmake
-- Installing: /home/polinaus/pointcloud_classifier/install/pointcloud_classifier/share/pointcloud_classifier/cmake/rosidl_cmake-extras.cmake
-- Installing: /home/polinaus/pointcloud_classifier/install/pointcloud_classifier/share/pointcloud_classifier/cmake/ament_cmake_export_dependencies-extras.cmake
-- Installing: /home/polinaus/pointcloud_classifier/install/pointcloud_classifier/share/pointcloud_classifier/cmake/ament_cmake_export_include_directories-extras.cmake
-- Installing: /home/polinaus/pointcloud_classifier/install/pointcloud_classifier/share/pointcloud_classifier/cmake/ament_cmake_export_libraries-extras.cmake
-- Installing: /home/polinaus/pointcloud_classifier/install/pointcloud_classifier/share/pointcloud_classifier/cmake/ament_cmake_export_targets-extras.cmake
-- Installing: /home/polinaus/pointcloud_classifier/install/pointcloud_classifier/share/pointcloud_classifier/cmake/rosidl_cmake_export_typesupport_targets-extras.cmake
-- Installing: /home/polinaus/pointcloud_classifier/install/pointcloud_classifier/share/pointcloud_classifier/cmake/rosidl_cmake_export_typesupport_libraries-extras.cmake
-- Installing: /home/polinaus/pointcloud_classifier/install/pointcloud_classifier/share/pointcloud_classifier/cmake/pointcloud_classifierConfig.cmake
-- Installing: /home/polinaus/pointcloud_classifier/install/pointcloud_classifier/share/pointcloud_classifier/cmake/pointcloud_classifierConfig-version.cmake
-- Installing: /home/polinaus/pointcloud_classifier/install/pointcloud_classifier/share/pointcloud_classifier/package.xml
