[0.008s] Invoking command in '/home/polinaus/pointcloud_classifier/build/pointcloud_classifier': CMAKE_PREFIX_PATH=${CMAKE_PREFIX_PATH}:/opt/ros/jazzy DEBUGINFOD_URLS=https://debuginfod.ubuntu.com /usr/bin/cmake /home/polinaus/pointcloud_classifier -DCMAKE_INSTALL_PREFIX=/home/polinaus/pointcloud_classifier/install/pointcloud_classifier
[0.054s] -- The C compiler identification is GNU 13.3.0
[0.092s] -- The CXX compiler identification is GNU 13.3.0
[0.102s] -- Detecting C compiler ABI info
[0.168s] -- Detecting C compiler ABI info - done
[0.177s] -- Check for working C compiler: /usr/bin/cc - skipped
[0.177s] -- Detecting C compile features
[0.177s] -- Detecting C compile features - done
[0.185s] -- Detecting CXX compiler ABI info
[0.263s] -- Detecting CXX compiler ABI info - done
[0.272s] -- Check for working CXX compiler: /usr/bin/c++ - skipped
[0.272s] -- Detecting CXX compile features
[0.273s] -- Detecting CXX compile features - done
[0.276s] -- Found ament_cmake: 2.5.6 (/opt/ros/jazzy/share/ament_cmake/cmake)
[0.373s] -- Found Python3: /usr/bin/python3 (found version "3.12.3") found components: Interpreter 
[0.439s] -- Found rclcpp: 28.1.18 (/opt/ros/jazzy/share/rclcpp/cmake)
[0.461s] -- Found rosidl_generator_c: 4.6.7 (/opt/ros/jazzy/share/rosidl_generator_c/cmake)
[0.468s] -- Found rosidl_generator_cpp: 4.6.7 (/opt/ros/jazzy/share/rosidl_generator_cpp/cmake)
[0.477s] -- Using all available rosidl_typesupport_c: rosidl_typesupport_fastrtps_c;rosidl_typesupport_introspection_c
[0.487s] -- Using all available rosidl_typesupport_cpp: rosidl_typesupport_fastrtps_cpp;rosidl_typesupport_introspection_cpp
[0.532s] -- Found rmw_implementation_cmake: 7.3.3 (/opt/ros/jazzy/share/rmw_implementation_cmake/cmake)
[0.533s] -- Found rmw_fastrtps_cpp: 8.4.3 (/opt/ros/jazzy/share/rmw_fastrtps_cpp/cmake)
[0.599s] -- Found OpenSSL: /usr/lib/x86_64-linux-gnu/libcrypto.so (found version "3.0.13")  
[0.613s] -- Found FastRTPS: /opt/ros/jazzy/include (Required is at least version "2.13") 
[0.632s] -- Using RMW implementation 'rmw_fastrtps_cpp' as default
[0.677s] -- Found sensor_msgs: 5.3.7 (/opt/ros/jazzy/share/sensor_msgs/cmake)
[0.713s] -- Found pcl_conversions: 2.6.4 (/opt/ros/jazzy/share/pcl_conversions/cmake)
[0.757s] [33mCMake Warning (dev) at /usr/lib/x86_64-linux-gnu/cmake/pcl/Modules/FindFLANN.cmake:45 (find_package):
[0.757s]   Policy CMP0144 is not set: find_package uses upper-case <PACKAGENAME>_ROOT
[0.757s]   variables.  Run "cmake --help-policy CMP0144" for policy details.  Use the
[0.757s]   cmake_policy command to set the policy and suppress this warning.
[0.757s] 
[0.757s]   CMake variable FLANN_ROOT is set to:
[0.757s] 
[0.757s]     /usr
[0.758s] 
[0.758s]   For compatibility, find_package is ignoring the variable, but code in a
[0.758s]   .cmake module might still use it.
[0.758s] Call Stack (most recent call first):
[0.758s]   /usr/lib/x86_64-linux-gnu/cmake/pcl/PCLConfig.cmake:261 (find_package)
[0.758s]   /usr/lib/x86_64-linux-gnu/cmake/pcl/PCLConfig.cmake:306 (find_flann)
[0.758s]   /usr/lib/x86_64-linux-gnu/cmake/pcl/PCLConfig.cmake:570 (find_external_library)
[0.758s]   /opt/ros/jazzy/share/pcl_conversions/cmake/ament_cmake_export_dependencies-extras.cmake:21 (find_package)
[0.758s]   /opt/ros/jazzy/share/pcl_conversions/cmake/pcl_conversionsConfig.cmake:41 (include)
[0.759s]   CMakeLists.txt:11 (find_package)
[0.759s] This warning is for project developers.  Use -Wno-dev to suppress it.
[0.759s] [0m
[0.759s] -- Found flann version 1.9.2
[0.995s] -- Found OpenMP_CXX: -fopenmp (found version "4.5") 
[0.995s] -- Found OpenMP: TRUE (found version "4.5") found components: CXX 
[1.926s] -- Checking for module 'libusb-1.0'
[1.937s] --   Found libusb-1.0, version 1.0.27
[1.973s] -- Found libusb: /usr/lib/x86_64-linux-gnu/libusb-1.0.so  
[1.974s] -- OpenNI found (version: 1.5.4.0, include: /usr/include/ni, lib: /usr/lib/libOpenNI.so;libusb::libusb)
[2.025s] -- OpenNI2 found (version: 2.2.0.33, include: /usr/include/openni2, lib: /usr/lib/x86_64-linux-gnu/libOpenNI2.so;libusb::libusb)
[2.026s] -- Could NOT find Pcap (missing: PCAP_LIBRARIES PCAP_INCLUDE_DIRS) 
[2.034s] -- Found ZLIB: /usr/lib/x86_64-linux-gnu/libz.so (found version "1.3")  
[2.045s] -- Found PNG: /usr/lib/x86_64-linux-gnu/libpng.so (found version "1.6.43") 
[2.324s] -- OpenNI found (version: 1.5.4.0, include: /usr/include/ni, lib: /usr/lib/libOpenNI.so;libusb::libusb)
[2.329s] -- OpenNI2 found (version: 2.2.0.33, include: /usr/include/openni2, lib: /usr/lib/x86_64-linux-gnu/libOpenNI2.so;libusb::libusb)
[2.594s] -- Found Qhull version 8.0.2
[2.865s] -- OpenNI found (version: 1.5.4.0, include: /usr/include/ni, lib: /usr/lib/libOpenNI.so;libusb::libusb)
[3.134s] -- Found PCL_COMMON: /usr/lib/x86_64-linux-gnu/libpcl_common.so  
[3.135s] -- Found PCL_KDTREE: /usr/lib/x86_64-linux-gnu/libpcl_kdtree.so  
[3.135s] -- Found PCL_OCTREE: /usr/lib/x86_64-linux-gnu/libpcl_octree.so  
[3.136s] -- Found PCL_SEARCH: /usr/lib/x86_64-linux-gnu/libpcl_search.so  
[3.137s] -- Found PCL_SAMPLE_CONSENSUS: /usr/lib/x86_64-linux-gnu/libpcl_sample_consensus.so  
[3.137s] -- Found PCL_FILTERS: /usr/lib/x86_64-linux-gnu/libpcl_filters.so  
[3.137s] -- Found PCL_2D: /usr/include/pcl-1.14  
[3.138s] -- Found PCL_GEOMETRY: /usr/include/pcl-1.14  
[3.138s] -- Found PCL_IO: /usr/lib/x86_64-linux-gnu/libpcl_io.so  
[3.139s] -- Found PCL_FEATURES: /usr/lib/x86_64-linux-gnu/libpcl_features.so  
[3.140s] -- Found PCL_ML: /usr/lib/x86_64-linux-gnu/libpcl_ml.so  
[3.140s] -- Found PCL_SEGMENTATION: /usr/lib/x86_64-linux-gnu/libpcl_segmentation.so  
[3.141s] -- Found PCL_VISUALIZATION: /usr/lib/x86_64-linux-gnu/libpcl_visualization.so  
[3.142s] -- Found PCL_SURFACE: /usr/lib/x86_64-linux-gnu/libpcl_surface.so  
[3.142s] -- Found PCL_REGISTRATION: /usr/lib/x86_64-linux-gnu/libpcl_registration.so  
[3.143s] -- Found PCL_KEYPOINTS: /usr/lib/x86_64-linux-gnu/libpcl_keypoints.so  
[3.144s] -- Found PCL_TRACKING: /usr/lib/x86_64-linux-gnu/libpcl_tracking.so  
[3.144s] -- Found PCL_RECOGNITION: /usr/lib/x86_64-linux-gnu/libpcl_recognition.so  
[3.145s] -- Found PCL_STEREO: /usr/lib/x86_64-linux-gnu/libpcl_stereo.so  
[3.146s] -- Found PCL_APPS: /usr/lib/x86_64-linux-gnu/libpcl_apps.so  
[3.146s] -- Found PCL_IN_HAND_SCANNER: /usr/include/pcl-1.14  
[3.146s] -- Found PCL_MODELER: /usr/include/pcl-1.14  
[3.147s] -- Found PCL_POINT_CLOUD_EDITOR: /usr/include/pcl-1.14  
[3.147s] -- Found PCL_OUTOFCORE: /usr/lib/x86_64-linux-gnu/libpcl_outofcore.so  
[3.148s] -- Found PCL_PEOPLE: /usr/lib/x86_64-linux-gnu/libpcl_people.so  
[3.150s] [33mCMake Warning (dev) at CMakeLists.txt:12 (find_package):
[3.150s]   Policy CMP0074 is not set: find_package uses <PackageName>_ROOT variables.
[3.150s]   Run "cmake --help-policy CMP0074" for policy details.  Use the cmake_policy
[3.150s]   command to set the policy and suppress this warning.
[3.150s] 
[3.150s]   CMake variable PCL_ROOT is set to:
[3.150s] 
[3.150s]     /usr
[3.150s] 
[3.150s]   For compatibility, CMake is ignoring the variable.
[3.150s] This warning is for project developers.  Use -Wno-dev to suppress it.
[3.150s] [0m
[3.158s] -- Found rosidl_default_generators: 1.6.0 (/opt/ros/jazzy/share/rosidl_default_generators/cmake)
[3.168s] -- Found rosidl_adapter: 4.6.7 (/opt/ros/jazzy/share/rosidl_adapter/cmake)
[3.596s] -- Found ament_cmake_ros: 0.12.0 (/opt/ros/jazzy/share/ament_cmake_ros/cmake)
[4.091s] -- Using all available rosidl_typesupport_c: rosidl_typesupport_fastrtps_c;rosidl_typesupport_introspection_c
[4.302s] -- Using all available rosidl_typesupport_cpp: rosidl_typesupport_fastrtps_cpp;rosidl_typesupport_introspection_cpp
[4.303s] -- Found python_cmake_module: 0.11.1 (/opt/ros/jazzy/share/python_cmake_module/cmake)
[4.403s] -- Found PythonExtra: /usr/bin/python3  
[4.757s] -- Found Python3: /usr/bin/python3 (found version "3.12.3") found components: Interpreter Development NumPy Development.Module Development.Embed 
[4.814s] -- Found Python3: /usr/bin/python3 (found version "3.12.3") found components: Interpreter 
[4.853s] -- Configuring done (4.8s)
[4.904s] -- Generating done (0.0s)
[4.915s] -- Build files have been written to: /home/polinaus/pointcloud_classifier/build/pointcloud_classifier
[4.931s] Invoked command in '/home/polinaus/pointcloud_classifier/build/pointcloud_classifier' returned '0': CMAKE_PREFIX_PATH=${CMAKE_PREFIX_PATH}:/opt/ros/jazzy DEBUGINFOD_URLS=https://debuginfod.ubuntu.com /usr/bin/cmake /home/polinaus/pointcloud_classifier -DCMAKE_INSTALL_PREFIX=/home/polinaus/pointcloud_classifier/install/pointcloud_classifier
[4.932s] Invoking command in '/home/polinaus/pointcloud_classifier/build/pointcloud_classifier': CMAKE_PREFIX_PATH=${CMAKE_PREFIX_PATH}:/opt/ros/jazzy DEBUGINFOD_URLS=https://debuginfod.ubuntu.com /usr/bin/cmake --build /home/polinaus/pointcloud_classifier/build/pointcloud_classifier -- -j18 -l18
[4.977s] [  1%] [34m[1mGenerating Rust code for ROS interfaces[0m
[4.977s] [  3%] [34m[1mGenerating type hashes for ROS interfaces[0m
[4.977s] [  5%] [32mBuilding CXX object CMakeFiles/pcd_publisher.dir/src/pcd_publisher.cpp.o[0m
[4.979s] [  5%] Built target ament_cmake_python_copy_pointcloud_classifier
[5.117s] running egg_info
[5.118s] creating pointcloud_classifier.egg-info
[5.121s] [  5%] Built target pointcloud_classifier__rosidl_generator_type_description
[5.130s] writing pointcloud_classifier.egg-info/PKG-INFO
[5.130s] writing dependency_links to pointcloud_classifier.egg-info/dependency_links.txt
[5.130s] writing top-level names to pointcloud_classifier.egg-info/top_level.txt
[5.130s] writing manifest file 'pointcloud_classifier.egg-info/SOURCES.txt'
[5.130s] [  7%] [34m[1mGenerating C code for ROS interfaces[0m
[5.138s] [  7%] Built target pointcloud_classifier__rs
[5.140s] [  9%] [34m[1mGenerating C++ code for ROS interfaces[0m
[5.163s] reading manifest file 'pointcloud_classifier.egg-info/SOURCES.txt'
[5.163s] writing manifest file 'pointcloud_classifier.egg-info/SOURCES.txt'
[5.188s] [  9%] Built target ament_cmake_python_build_pointcloud_classifier_egg
[5.310s] [  9%] Built target pointcloud_classifier__cpp
[5.333s] [ 13%] [32mBuilding C object CMakeFiles/pointcloud_classifier__rosidl_generator_c.dir/rosidl_generator_c/pointcloud_classifier/msg/detail/cluster_result_array__description.c.o[0m
[5.333s] [ 13%] [32mBuilding C object CMakeFiles/pointcloud_classifier__rosidl_generator_c.dir/rosidl_generator_c/pointcloud_classifier/msg/detail/cluster_result__functions.c.o[0m
[5.334s] [ 15%] [32mBuilding C object CMakeFiles/pointcloud_classifier__rosidl_generator_c.dir/rosidl_generator_c/pointcloud_classifier/msg/detail/cluster_result__description.c.o[0m
[5.335s] [ 17%] [32mBuilding C object CMakeFiles/pointcloud_classifier__rosidl_generator_c.dir/rosidl_generator_c/pointcloud_classifier/msg/detail/cluster_result__type_support.c.o[0m
[5.336s] [ 21%] [32mBuilding C object CMakeFiles/pointcloud_classifier__rosidl_generator_c.dir/rosidl_generator_c/pointcloud_classifier/msg/detail/cluster_result_array__type_support.c.o[0m
[5.336s] [ 21%] [32mBuilding C object CMakeFiles/pointcloud_classifier__rosidl_generator_c.dir/rosidl_generator_c/pointcloud_classifier/msg/detail/cluster_result_array__functions.c.o[0m
[5.376s] [ 23%] [32m[1mLinking C shared library libpointcloud_classifier__rosidl_generator_c.so[0m
[5.402s] [ 23%] Built target pointcloud_classifier__rosidl_generator_c
[5.409s] [ 25%] [34m[1mGenerating C type support for eProsima Fast-RTPS[0m
[5.409s] [ 27%] [34m[1mGenerating C++ type support dispatch for ROS interfaces[0m
[5.409s] [ 29%] [34m[1mGenerating C++ introspection for ROS interfaces[0m
[5.411s] [ 33%] [34m[1mGenerating C introspection for ROS interfaces[0m
[5.411s] [ 33%] [34m[1mGenerating C++ type support for eProsima Fast-RTPS[0m
[5.411s] [ 35%] [34m[1mGenerating C type support dispatch for ROS interfaces[0m
[5.579s] [ 39%] [32mBuilding CXX object CMakeFiles/pointcloud_classifier__rosidl_typesupport_introspection_cpp.dir/rosidl_typesupport_introspection_cpp/pointcloud_classifier/msg/detail/cluster_result__type_support.cpp.o[0m
[5.579s] [ 39%] [32mBuilding CXX object CMakeFiles/pointcloud_classifier__rosidl_typesupport_introspection_cpp.dir/rosidl_typesupport_introspection_cpp/pointcloud_classifier/msg/detail/cluster_result_array__type_support.cpp.o[0m
[5.600s] [ 47%] [32mBuilding CXX object CMakeFiles/pointcloud_classifier__rosidl_typesupport_fastrtps_c.dir/rosidl_typesupport_fastrtps_c/pointcloud_classifier/msg/detail/cluster_result_array__type_support_c.cpp.o[0m
[5.600s] [ 47%] [32mBuilding CXX object CMakeFiles/pointcloud_classifier__rosidl_typesupport_fastrtps_cpp.dir/rosidl_typesupport_fastrtps_cpp/pointcloud_classifier/msg/detail/dds_fastrtps/cluster_result__type_support.cpp.o[0m
[5.600s] [ 47%] [32mBuilding CXX object CMakeFiles/pointcloud_classifier__rosidl_typesupport_fastrtps_c.dir/rosidl_typesupport_fastrtps_c/pointcloud_classifier/msg/detail/cluster_result__type_support_c.cpp.o[0m
[5.600s] [ 47%] [32mBuilding CXX object CMakeFiles/pointcloud_classifier__rosidl_typesupport_fastrtps_cpp.dir/rosidl_typesupport_fastrtps_cpp/pointcloud_classifier/msg/detail/dds_fastrtps/cluster_result_array__type_support.cpp.o[0m
[5.638s] [ 50%] [32mBuilding C object CMakeFiles/pointcloud_classifier__rosidl_typesupport_introspection_c.dir/rosidl_typesupport_introspection_c/pointcloud_classifier/msg/detail/cluster_result_array__type_support.c.o[0m
[5.638s] [ 50%] [32mBuilding C object CMakeFiles/pointcloud_classifier__rosidl_typesupport_introspection_c.dir/rosidl_typesupport_introspection_c/pointcloud_classifier/msg/detail/cluster_result__type_support.c.o[0m
[5.668s] [ 52%] [32mBuilding CXX object CMakeFiles/pointcloud_classifier__rosidl_typesupport_cpp.dir/rosidl_typesupport_cpp/pointcloud_classifier/msg/cluster_result_array__type_support.cpp.o[0m
[5.669s] [ 54%] [32mBuilding CXX object CMakeFiles/pointcloud_classifier__rosidl_typesupport_cpp.dir/rosidl_typesupport_cpp/pointcloud_classifier/msg/cluster_result__type_support.cpp.o[0m
[5.678s] [ 58%] [32mBuilding CXX object CMakeFiles/pointcloud_classifier__rosidl_typesupport_c.dir/rosidl_typesupport_c/pointcloud_classifier/msg/cluster_result_array__type_support.cpp.o[0m
[5.678s] [ 58%] [32mBuilding CXX object CMakeFiles/pointcloud_classifier__rosidl_typesupport_c.dir/rosidl_typesupport_c/pointcloud_classifier/msg/cluster_result__type_support.cpp.o[0m
[5.684s] [ 60%] [32m[1mLinking C shared library libpointcloud_classifier__rosidl_typesupport_introspection_c.so[0m
[5.718s] [ 60%] Built target pointcloud_classifier__rosidl_typesupport_introspection_c
[5.724s] [ 62%] [32m[1mLinking CXX shared library libpointcloud_classifier__rosidl_typesupport_c.so[0m
[5.774s] [ 62%] Built target pointcloud_classifier__rosidl_typesupport_c
[5.908s] [ 64%] [32m[1mLinking CXX shared library libpointcloud_classifier__rosidl_typesupport_introspection_cpp.so[0m
[5.956s] [ 66%] [32m[1mLinking CXX shared library libpointcloud_classifier__rosidl_typesupport_cpp.so[0m
[5.963s] [ 66%] Built target pointcloud_classifier__rosidl_typesupport_introspection_cpp
[5.989s] [ 66%] Built target pointcloud_classifier__rosidl_typesupport_cpp
[6.007s] [ 68%] [32mBuilding CXX object CMakeFiles/classifier_node.dir/src/pointcloud_processor.cpp.o[0m
[6.009s] [ 72%] [32mBuilding CXX object CMakeFiles/classifier_node.dir/src/classifier_node.cpp.o[0m
[6.009s] [ 72%] [32mBuilding CXX object CMakeFiles/classifier_node.dir/src/utils.cpp.o[0m
[6.011s] [ 74%] [32m[1mLinking CXX shared library libpointcloud_classifier__rosidl_typesupport_fastrtps_c.so[0m
[6.080s] [ 76%] [32m[1mLinking CXX shared library libpointcloud_classifier__rosidl_typesupport_fastrtps_cpp.so[0m
[6.085s] [ 76%] Built target pointcloud_classifier__rosidl_typesupport_fastrtps_c
[6.136s] [ 76%] Built target pointcloud_classifier__rosidl_typesupport_fastrtps_cpp
[6.153s] [ 76%] Built target pointcloud_classifier
[6.171s] [ 78%] [34m[1mGenerating Python code for ROS interfaces[0m
[6.395s] [ 78%] Built target pointcloud_classifier__py
[6.413s] [ 82%] [32mBuilding C object CMakeFiles/pointcloud_classifier__rosidl_generator_py.dir/rosidl_generator_py/pointcloud_classifier/msg/_cluster_result_array_s.c.o[0m
[6.413s] [ 82%] [32mBuilding C object CMakeFiles/pointcloud_classifier__rosidl_generator_py.dir/rosidl_generator_py/pointcloud_classifier/msg/_cluster_result_s.c.o[0m
[6.524s] [ 84%] [32m[1mLinking C shared library libpointcloud_classifier__rosidl_generator_py.so[0m
[6.565s] [ 84%] Built target pointcloud_classifier__rosidl_generator_py
[6.582s] [ 86%] [32mBuilding C object CMakeFiles/pointcloud_classifier_s__rosidl_typesupport_c.dir/rosidl_generator_py/pointcloud_classifier/_pointcloud_classifier_s.ep.rosidl_typesupport_c.c.o[0m
[6.583s] [ 88%] [32mBuilding C object CMakeFiles/pointcloud_classifier_s__rosidl_typesupport_fastrtps_c.dir/rosidl_generator_py/pointcloud_classifier/_pointcloud_classifier_s.ep.rosidl_typesupport_fastrtps_c.c.o[0m
[6.584s] [ 90%] [32mBuilding C object CMakeFiles/pointcloud_classifier_s__rosidl_typesupport_introspection_c.dir/rosidl_generator_py/pointcloud_classifier/_pointcloud_classifier_s.ep.rosidl_typesupport_introspection_c.c.o[0m
[6.647s] [ 92%] [32m[1mLinking C shared module rosidl_generator_py/pointcloud_classifier/pointcloud_classifier_s__rosidl_typesupport_c.so[0m
[6.674s] [ 92%] Built target pointcloud_classifier_s__rosidl_typesupport_c
[6.689s] [ 94%] [32m[1mLinking C shared module rosidl_generator_py/pointcloud_classifier/pointcloud_classifier_s__rosidl_typesupport_fastrtps_c.so[0m
[6.691s] [ 96%] [32m[1mLinking C shared module rosidl_generator_py/pointcloud_classifier/pointcloud_classifier_s__rosidl_typesupport_introspection_c.so[0m
[6.717s] [ 96%] Built target pointcloud_classifier_s__rosidl_typesupport_introspection_c
[6.719s] [ 96%] Built target pointcloud_classifier_s__rosidl_typesupport_fastrtps_c
[9.899s] [ 98%] [32m[1mLinking CXX executable pcd_publisher[0m
[10.316s] [ 98%] Built target pcd_publisher
[13.083s] [100%] [32m[1mLinking CXX executable classifier_node[0m
[14.219s] [100%] Built target classifier_node
[14.229s] Invoked command in '/home/polinaus/pointcloud_classifier/build/pointcloud_classifier' returned '0': CMAKE_PREFIX_PATH=${CMAKE_PREFIX_PATH}:/opt/ros/jazzy DEBUGINFOD_URLS=https://debuginfod.ubuntu.com /usr/bin/cmake --build /home/polinaus/pointcloud_classifier/build/pointcloud_classifier -- -j18 -l18
[14.236s] Invoking command in '/home/polinaus/pointcloud_classifier/build/pointcloud_classifier': CMAKE_PREFIX_PATH=${CMAKE_PREFIX_PATH}:/opt/ros/jazzy DEBUGINFOD_URLS=https://debuginfod.ubuntu.com /usr/bin/cmake --install /home/polinaus/pointcloud_classifier/build/pointcloud_classifier
[14.243s] -- Install configuration: ""
[14.243s] -- Installing: /home/polinaus/pointcloud_classifier/install/pointcloud_classifier/share/ament_index/resource_index/rosidl_interfaces/pointcloud_classifier
[14.243s] -- Installing: /home/polinaus/pointcloud_classifier/install/pointcloud_classifier/share/pointcloud_classifier/msg/ClusterResult.json
[14.243s] -- Installing: /home/polinaus/pointcloud_classifier/install/pointcloud_classifier/share/pointcloud_classifier/msg/ClusterResultArray.json
[14.243s] -- Installing: /home/polinaus/pointcloud_classifier/install/pointcloud_classifier/include/pointcloud_classifier/pointcloud_classifier
[14.243s] -- Installing: /home/polinaus/pointcloud_classifier/install/pointcloud_classifier/include/pointcloud_classifier/pointcloud_classifier/msg
[14.243s] -- Installing: /home/polinaus/pointcloud_classifier/install/pointcloud_classifier/include/pointcloud_classifier/pointcloud_classifier/msg/cluster_result.h
[14.243s] -- Installing: /home/polinaus/pointcloud_classifier/install/pointcloud_classifier/include/pointcloud_classifier/pointcloud_classifier/msg/rosidl_generator_c__visibility_control.h
[14.243s] -- Installing: /home/polinaus/pointcloud_classifier/install/pointcloud_classifier/include/pointcloud_classifier/pointcloud_classifier/msg/cluster_result_array.h
[14.243s] -- Installing: /home/polinaus/pointcloud_classifier/install/pointcloud_classifier/include/pointcloud_classifier/pointcloud_classifier/msg/detail
[14.243s] -- Installing: /home/polinaus/pointcloud_classifier/install/pointcloud_classifier/include/pointcloud_classifier/pointcloud_classifier/msg/detail/cluster_result_array__description.c
[14.243s] -- Installing: /home/polinaus/pointcloud_classifier/install/pointcloud_classifier/include/pointcloud_classifier/pointcloud_classifier/msg/detail/cluster_result_array__type_support.h
[14.243s] -- Installing: /home/polinaus/pointcloud_classifier/install/pointcloud_classifier/include/pointcloud_classifier/pointcloud_classifier/msg/detail/cluster_result__type_support.h
[14.243s] -- Installing: /home/polinaus/pointcloud_classifier/install/pointcloud_classifier/include/pointcloud_classifier/pointcloud_classifier/msg/detail/cluster_result__description.c
[14.243s] -- Installing: /home/polinaus/pointcloud_classifier/install/pointcloud_classifier/include/pointcloud_classifier/pointcloud_classifier/msg/detail/cluster_result_array__struct.h
[14.244s] -- Installing: /home/polinaus/pointcloud_classifier/install/pointcloud_classifier/include/pointcloud_classifier/pointcloud_classifier/msg/detail/cluster_result__struct.h
[14.244s] -- Installing: /home/polinaus/pointcloud_classifier/install/pointcloud_classifier/include/pointcloud_classifier/pointcloud_classifier/msg/detail/cluster_result__functions.c
[14.244s] -- Installing: /home/polinaus/pointcloud_classifier/install/pointcloud_classifier/include/pointcloud_classifier/pointcloud_classifier/msg/detail/cluster_result__type_support.c
[14.244s] -- Installing: /home/polinaus/pointcloud_classifier/install/pointcloud_classifier/include/pointcloud_classifier/pointcloud_classifier/msg/detail/cluster_result_array__type_support.c
[14.244s] -- Installing: /home/polinaus/pointcloud_classifier/install/pointcloud_classifier/include/pointcloud_classifier/pointcloud_classifier/msg/detail/cluster_result_array__functions.h
[14.244s] -- Installing: /home/polinaus/pointcloud_classifier/install/pointcloud_classifier/include/pointcloud_classifier/pointcloud_classifier/msg/detail/cluster_result__functions.h
[14.244s] -- Installing: /home/polinaus/pointcloud_classifier/install/pointcloud_classifier/include/pointcloud_classifier/pointcloud_classifier/msg/detail/cluster_result_array__functions.c
[14.244s] -- Installing: /home/polinaus/pointcloud_classifier/install/pointcloud_classifier/share/pointcloud_classifier/environment/library_path.sh
[14.244s] -- Installing: /home/polinaus/pointcloud_classifier/install/pointcloud_classifier/share/pointcloud_classifier/environment/library_path.dsv
[14.244s] -- Installing: /home/polinaus/pointcloud_classifier/install/pointcloud_classifier/lib/libpointcloud_classifier__rosidl_generator_c.so
[14.244s] -- Set non-toolchain portion of runtime path of "/home/polinaus/pointcloud_classifier/install/pointcloud_classifier/lib/libpointcloud_classifier__rosidl_generator_c.so" to ""
[14.244s] -- Up-to-date: /home/polinaus/pointcloud_classifier/install/pointcloud_classifier/include/pointcloud_classifier/pointcloud_classifier
[14.244s] -- Up-to-date: /home/polinaus/pointcloud_classifier/install/pointcloud_classifier/include/pointcloud_classifier/pointcloud_classifier/msg
[14.244s] -- Installing: /home/polinaus/pointcloud_classifier/install/pointcloud_classifier/include/pointcloud_classifier/pointcloud_classifier/msg/rosidl_typesupport_fastrtps_c__visibility_control.h
[14.244s] -- Up-to-date: /home/polinaus/pointcloud_classifier/install/pointcloud_classifier/include/pointcloud_classifier/pointcloud_classifier/msg/detail
[14.244s] -- Installing: /home/polinaus/pointcloud_classifier/install/pointcloud_classifier/include/pointcloud_classifier/pointcloud_classifier/msg/detail/cluster_result__rosidl_typesupport_fastrtps_c.h
[14.244s] -- Installing: /home/polinaus/pointcloud_classifier/install/pointcloud_classifier/include/pointcloud_classifier/pointcloud_classifier/msg/detail/cluster_result_array__rosidl_typesupport_fastrtps_c.h
[14.244s] -- Installing: /home/polinaus/pointcloud_classifier/install/pointcloud_classifier/lib/libpointcloud_classifier__rosidl_typesupport_fastrtps_c.so
[14.244s] -- Set non-toolchain portion of runtime path of "/home/polinaus/pointcloud_classifier/install/pointcloud_classifier/lib/libpointcloud_classifier__rosidl_typesupport_fastrtps_c.so" to ""
[14.244s] -- Up-to-date: /home/polinaus/pointcloud_classifier/install/pointcloud_classifier/include/pointcloud_classifier/pointcloud_classifier
[14.244s] -- Up-to-date: /home/polinaus/pointcloud_classifier/install/pointcloud_classifier/include/pointcloud_classifier/pointcloud_classifier/msg
[14.245s] -- Installing: /home/polinaus/pointcloud_classifier/install/pointcloud_classifier/include/pointcloud_classifier/pointcloud_classifier/msg/cluster_result_array.hpp
[14.245s] -- Installing: /home/polinaus/pointcloud_classifier/install/pointcloud_classifier/include/pointcloud_classifier/pointcloud_classifier/msg/cluster_result.hpp
[14.245s] -- Installing: /home/polinaus/pointcloud_classifier/install/pointcloud_classifier/include/pointcloud_classifier/pointcloud_classifier/msg/rosidl_generator_cpp__visibility_control.hpp
[14.245s] -- Up-to-date: /home/polinaus/pointcloud_classifier/install/pointcloud_classifier/include/pointcloud_classifier/pointcloud_classifier/msg/detail
[14.245s] -- Installing: /home/polinaus/pointcloud_classifier/install/pointcloud_classifier/include/pointcloud_classifier/pointcloud_classifier/msg/detail/cluster_result_array__type_support.hpp
[14.245s] -- Installing: /home/polinaus/pointcloud_classifier/install/pointcloud_classifier/include/pointcloud_classifier/pointcloud_classifier/msg/detail/cluster_result__struct.hpp
[14.245s] -- Installing: /home/polinaus/pointcloud_classifier/install/pointcloud_classifier/include/pointcloud_classifier/pointcloud_classifier/msg/detail/cluster_result__traits.hpp
[14.245s] -- Installing: /home/polinaus/pointcloud_classifier/install/pointcloud_classifier/include/pointcloud_classifier/pointcloud_classifier/msg/detail/cluster_result_array__traits.hpp
[14.245s] -- Installing: /home/polinaus/pointcloud_classifier/install/pointcloud_classifier/include/pointcloud_classifier/pointcloud_classifier/msg/detail/cluster_result__builder.hpp
[14.245s] -- Installing: /home/polinaus/pointcloud_classifier/install/pointcloud_classifier/include/pointcloud_classifier/pointcloud_classifier/msg/detail/cluster_result__type_support.hpp
[14.245s] -- Installing: /home/polinaus/pointcloud_classifier/install/pointcloud_classifier/include/pointcloud_classifier/pointcloud_classifier/msg/detail/cluster_result_array__struct.hpp
[14.245s] -- Installing: /home/polinaus/pointcloud_classifier/install/pointcloud_classifier/include/pointcloud_classifier/pointcloud_classifier/msg/detail/cluster_result_array__builder.hpp
[14.245s] -- Up-to-date: /home/polinaus/pointcloud_classifier/install/pointcloud_classifier/include/pointcloud_classifier/pointcloud_classifier
[14.245s] -- Up-to-date: /home/polinaus/pointcloud_classifier/install/pointcloud_classifier/include/pointcloud_classifier/pointcloud_classifier/msg
[14.245s] -- Installing: /home/polinaus/pointcloud_classifier/install/pointcloud_classifier/include/pointcloud_classifier/pointcloud_classifier/msg/rosidl_typesupport_fastrtps_cpp__visibility_control.h
[14.245s] -- Up-to-date: /home/polinaus/pointcloud_classifier/install/pointcloud_classifier/include/pointcloud_classifier/pointcloud_classifier/msg/detail
[14.245s] -- Installing: /home/polinaus/pointcloud_classifier/install/pointcloud_classifier/include/pointcloud_classifier/pointcloud_classifier/msg/detail/cluster_result__rosidl_typesupport_fastrtps_cpp.hpp
[14.245s] -- Installing: /home/polinaus/pointcloud_classifier/install/pointcloud_classifier/include/pointcloud_classifier/pointcloud_classifier/msg/detail/cluster_result_array__rosidl_typesupport_fastrtps_cpp.hpp
[14.245s] -- Installing: /home/polinaus/pointcloud_classifier/install/pointcloud_classifier/include/pointcloud_classifier/pointcloud_classifier/msg/detail/dds_fastrtps
[14.245s] -- Installing: /home/polinaus/pointcloud_classifier/install/pointcloud_classifier/lib/libpointcloud_classifier__rosidl_typesupport_fastrtps_cpp.so
[14.245s] -- Set non-toolchain portion of runtime path of "/home/polinaus/pointcloud_classifier/install/pointcloud_classifier/lib/libpointcloud_classifier__rosidl_typesupport_fastrtps_cpp.so" to ""
[14.245s] -- Up-to-date: /home/polinaus/pointcloud_classifier/install/pointcloud_classifier/include/pointcloud_classifier/pointcloud_classifier
[14.245s] -- Up-to-date: /home/polinaus/pointcloud_classifier/install/pointcloud_classifier/include/pointcloud_classifier/pointcloud_classifier/msg
[14.245s] -- Installing: /home/polinaus/pointcloud_classifier/install/pointcloud_classifier/include/pointcloud_classifier/pointcloud_classifier/msg/rosidl_typesupport_introspection_c__visibility_control.h
[14.246s] -- Up-to-date: /home/polinaus/pointcloud_classifier/install/pointcloud_classifier/include/pointcloud_classifier/pointcloud_classifier/msg/detail
[14.246s] -- Installing: /home/polinaus/pointcloud_classifier/install/pointcloud_classifier/include/pointcloud_classifier/pointcloud_classifier/msg/detail/cluster_result__rosidl_typesupport_introspection_c.h
[14.246s] -- Installing: /home/polinaus/pointcloud_classifier/install/pointcloud_classifier/include/pointcloud_classifier/pointcloud_classifier/msg/detail/cluster_result__type_support.c
[14.246s] -- Installing: /home/polinaus/pointcloud_classifier/install/pointcloud_classifier/include/pointcloud_classifier/pointcloud_classifier/msg/detail/cluster_result_array__type_support.c
[14.246s] -- Installing: /home/polinaus/pointcloud_classifier/install/pointcloud_classifier/include/pointcloud_classifier/pointcloud_classifier/msg/detail/cluster_result_array__rosidl_typesupport_introspection_c.h
[14.246s] -- Installing: /home/polinaus/pointcloud_classifier/install/pointcloud_classifier/lib/libpointcloud_classifier__rosidl_typesupport_introspection_c.so
[14.246s] -- Set non-toolchain portion of runtime path of "/home/polinaus/pointcloud_classifier/install/pointcloud_classifier/lib/libpointcloud_classifier__rosidl_typesupport_introspection_c.so" to ""
[14.246s] -- Installing: /home/polinaus/pointcloud_classifier/install/pointcloud_classifier/lib/libpointcloud_classifier__rosidl_typesupport_c.so
[14.246s] -- Set non-toolchain portion of runtime path of "/home/polinaus/pointcloud_classifier/install/pointcloud_classifier/lib/libpointcloud_classifier__rosidl_typesupport_c.so" to ""
[14.246s] -- Up-to-date: /home/polinaus/pointcloud_classifier/install/pointcloud_classifier/include/pointcloud_classifier/pointcloud_classifier
[14.246s] -- Up-to-date: /home/polinaus/pointcloud_classifier/install/pointcloud_classifier/include/pointcloud_classifier/pointcloud_classifier/msg
[14.246s] -- Up-to-date: /home/polinaus/pointcloud_classifier/install/pointcloud_classifier/include/pointcloud_classifier/pointcloud_classifier/msg/detail
[14.246s] -- Installing: /home/polinaus/pointcloud_classifier/install/pointcloud_classifier/include/pointcloud_classifier/pointcloud_classifier/msg/detail/cluster_result__rosidl_typesupport_introspection_cpp.hpp
[14.246s] -- Installing: /home/polinaus/pointcloud_classifier/install/pointcloud_classifier/include/pointcloud_classifier/pointcloud_classifier/msg/detail/cluster_result__type_support.cpp
[14.246s] -- Installing: /home/polinaus/pointcloud_classifier/install/pointcloud_classifier/include/pointcloud_classifier/pointcloud_classifier/msg/detail/cluster_result_array__type_support.cpp
[14.246s] -- Installing: /home/polinaus/pointcloud_classifier/install/pointcloud_classifier/include/pointcloud_classifier/pointcloud_classifier/msg/detail/cluster_result_array__rosidl_typesupport_introspection_cpp.hpp
[14.246s] -- Installing: /home/polinaus/pointcloud_classifier/install/pointcloud_classifier/lib/libpointcloud_classifier__rosidl_typesupport_introspection_cpp.so
[14.246s] -- Set non-toolchain portion of runtime path of "/home/polinaus/pointcloud_classifier/install/pointcloud_classifier/lib/libpointcloud_classifier__rosidl_typesupport_introspection_cpp.so" to ""
[14.246s] -- Installing: /home/polinaus/pointcloud_classifier/install/pointcloud_classifier/lib/libpointcloud_classifier__rosidl_typesupport_cpp.so
[14.246s] -- Set non-toolchain portion of runtime path of "/home/polinaus/pointcloud_classifier/install/pointcloud_classifier/lib/libpointcloud_classifier__rosidl_typesupport_cpp.so" to ""
[14.247s] -- Installing: /home/polinaus/pointcloud_classifier/install/pointcloud_classifier/share/pointcloud_classifier/environment/pythonpath.sh
[14.247s] -- Installing: /home/polinaus/pointcloud_classifier/install/pointcloud_classifier/share/pointcloud_classifier/environment/pythonpath.dsv
[14.247s] -- Installing: /home/polinaus/pointcloud_classifier/install/pointcloud_classifier/lib/python3.12/site-packages/pointcloud_classifier-0.0.1-py3.12.egg-info
[14.247s] -- Installing: /home/polinaus/pointcloud_classifier/install/pointcloud_classifier/lib/python3.12/site-packages/pointcloud_classifier-0.0.1-py3.12.egg-info/SOURCES.txt
[14.247s] -- Installing: /home/polinaus/pointcloud_classifier/install/pointcloud_classifier/lib/python3.12/site-packages/pointcloud_classifier-0.0.1-py3.12.egg-info/top_level.txt
[14.247s] -- Installing: /home/polinaus/pointcloud_classifier/install/pointcloud_classifier/lib/python3.12/site-packages/pointcloud_classifier-0.0.1-py3.12.egg-info/dependency_links.txt
[14.247s] -- Installing: /home/polinaus/pointcloud_classifier/install/pointcloud_classifier/lib/python3.12/site-packages/pointcloud_classifier-0.0.1-py3.12.egg-info/PKG-INFO
[14.247s] -- Installing: /home/polinaus/pointcloud_classifier/install/pointcloud_classifier/lib/python3.12/site-packages/pointcloud_classifier
[14.247s] -- Installing: /home/polinaus/pointcloud_classifier/install/pointcloud_classifier/lib/python3.12/site-packages/pointcloud_classifier/_pointcloud_classifier_s.ep.rosidl_typesupport_c.c
[14.247s] -- Installing: /home/polinaus/pointcloud_classifier/install/pointcloud_classifier/lib/python3.12/site-packages/pointcloud_classifier/pointcloud_classifier_s__rosidl_typesupport_fastrtps_c.so
[14.247s] -- Installing: /home/polinaus/pointcloud_classifier/install/pointcloud_classifier/lib/python3.12/site-packages/pointcloud_classifier/_pointcloud_classifier_s.ep.rosidl_typesupport_fastrtps_c.c
[14.247s] -- Installing: /home/polinaus/pointcloud_classifier/install/pointcloud_classifier/lib/python3.12/site-packages/pointcloud_classifier/__init__.py
[14.247s] -- Installing: /home/polinaus/pointcloud_classifier/install/pointcloud_classifier/lib/python3.12/site-packages/pointcloud_classifier/pointcloud_classifier_s__rosidl_typesupport_introspection_c.so
[14.247s] -- Installing: /home/polinaus/pointcloud_classifier/install/pointcloud_classifier/lib/python3.12/site-packages/pointcloud_classifier/msg
[14.247s] -- Installing: /home/polinaus/pointcloud_classifier/install/pointcloud_classifier/lib/python3.12/site-packages/pointcloud_classifier/msg/_cluster_result.py
[14.247s] -- Installing: /home/polinaus/pointcloud_classifier/install/pointcloud_classifier/lib/python3.12/site-packages/pointcloud_classifier/msg/_cluster_result_array_s.c
[14.247s] -- Installing: /home/polinaus/pointcloud_classifier/install/pointcloud_classifier/lib/python3.12/site-packages/pointcloud_classifier/msg/_cluster_result_array.py
[14.247s] -- Installing: /home/polinaus/pointcloud_classifier/install/pointcloud_classifier/lib/python3.12/site-packages/pointcloud_classifier/msg/__init__.py
[14.247s] -- Installing: /home/polinaus/pointcloud_classifier/install/pointcloud_classifier/lib/python3.12/site-packages/pointcloud_classifier/msg/_cluster_result_s.c
[14.247s] -- Installing: /home/polinaus/pointcloud_classifier/install/pointcloud_classifier/lib/python3.12/site-packages/pointcloud_classifier/pointcloud_classifier_s__rosidl_typesupport_c.so
[14.247s] -- Installing: /home/polinaus/pointcloud_classifier/install/pointcloud_classifier/lib/python3.12/site-packages/pointcloud_classifier/_pointcloud_classifier_s.ep.rosidl_typesupport_introspection_c.c
[14.273s] Listing '/home/polinaus/pointcloud_classifier/install/pointcloud_classifier/lib/python3.12/site-packages/pointcloud_classifier'...
[14.273s] Compiling '/home/polinaus/pointcloud_classifier/install/pointcloud_classifier/lib/python3.12/site-packages/pointcloud_classifier/__init__.py'...
[14.273s] Listing '/home/polinaus/pointcloud_classifier/install/pointcloud_classifier/lib/python3.12/site-packages/pointcloud_classifier/msg'...
[14.273s] Compiling '/home/polinaus/pointcloud_classifier/install/pointcloud_classifier/lib/python3.12/site-packages/pointcloud_classifier/msg/__init__.py'...
[14.273s] Compiling '/home/polinaus/pointcloud_classifier/install/pointcloud_classifier/lib/python3.12/site-packages/pointcloud_classifier/msg/_cluster_result.py'...
[14.273s] Compiling '/home/polinaus/pointcloud_classifier/install/pointcloud_classifier/lib/python3.12/site-packages/pointcloud_classifier/msg/_cluster_result_array.py'...
[14.276s] -- Installing: /home/polinaus/pointcloud_classifier/install/pointcloud_classifier/lib/python3.12/site-packages/pointcloud_classifier/pointcloud_classifier_s__rosidl_typesupport_fastrtps_c.so
[14.276s] -- Set non-toolchain portion of runtime path of "/home/polinaus/pointcloud_classifier/install/pointcloud_classifier/lib/python3.12/site-packages/pointcloud_classifier/pointcloud_classifier_s__rosidl_typesupport_fastrtps_c.so" to ""
[14.276s] -- Installing: /home/polinaus/pointcloud_classifier/install/pointcloud_classifier/lib/python3.12/site-packages/pointcloud_classifier/pointcloud_classifier_s__rosidl_typesupport_introspection_c.so
[14.277s] -- Set non-toolchain portion of runtime path of "/home/polinaus/pointcloud_classifier/install/pointcloud_classifier/lib/python3.12/site-packages/pointcloud_classifier/pointcloud_classifier_s__rosidl_typesupport_introspection_c.so" to ""
[14.277s] -- Installing: /home/polinaus/pointcloud_classifier/install/pointcloud_classifier/lib/python3.12/site-packages/pointcloud_classifier/pointcloud_classifier_s__rosidl_typesupport_c.so
[14.277s] -- Set non-toolchain portion of runtime path of "/home/polinaus/pointcloud_classifier/install/pointcloud_classifier/lib/python3.12/site-packages/pointcloud_classifier/pointcloud_classifier_s__rosidl_typesupport_c.so" to ""
[14.277s] -- Installing: /home/polinaus/pointcloud_classifier/install/pointcloud_classifier/lib/libpointcloud_classifier__rosidl_generator_py.so
[14.277s] -- Set non-toolchain portion of runtime path of "/home/polinaus/pointcloud_classifier/install/pointcloud_classifier/lib/libpointcloud_classifier__rosidl_generator_py.so" to ""
[14.277s] -- Installing: /home/polinaus/pointcloud_classifier/install/pointcloud_classifier/share/ament_index/resource_index/rust_packages/pointcloud_classifier
[14.277s] -- Installing: /home/polinaus/pointcloud_classifier/install/pointcloud_classifier/share/pointcloud_classifier/rust
[14.277s] -- Installing: /home/polinaus/pointcloud_classifier/install/pointcloud_classifier/share/pointcloud_classifier/rust/build.rs
[14.278s] -- Installing: /home/polinaus/pointcloud_classifier/install/pointcloud_classifier/share/pointcloud_classifier/rust/src
[14.278s] -- Installing: /home/polinaus/pointcloud_classifier/install/pointcloud_classifier/share/pointcloud_classifier/rust/src/msg.rs
[14.278s] -- Installing: /home/polinaus/pointcloud_classifier/install/pointcloud_classifier/share/pointcloud_classifier/rust/src/lib.rs
[14.278s] -- Installing: /home/polinaus/pointcloud_classifier/install/pointcloud_classifier/share/pointcloud_classifier/rust/src/msg
[14.278s] -- Installing: /home/polinaus/pointcloud_classifier/install/pointcloud_classifier/share/pointcloud_classifier/rust/src/msg/rmw.rs
[14.278s] -- Installing: /home/polinaus/pointcloud_classifier/install/pointcloud_classifier/share/pointcloud_classifier/rust/Cargo.toml
[14.278s] -- Installing: /home/polinaus/pointcloud_classifier/install/pointcloud_classifier/share/pointcloud_classifier/msg/ClusterResult.idl
[14.278s] -- Installing: /home/polinaus/pointcloud_classifier/install/pointcloud_classifier/share/pointcloud_classifier/msg/ClusterResultArray.idl
[14.278s] -- Installing: /home/polinaus/pointcloud_classifier/install/pointcloud_classifier/share/pointcloud_classifier/msg/ClusterResult.msg
[14.278s] -- Installing: /home/polinaus/pointcloud_classifier/install/pointcloud_classifier/share/pointcloud_classifier/msg/ClusterResultArray.msg
[14.278s] -- Installing: /home/polinaus/pointcloud_classifier/install/pointcloud_classifier/lib/pointcloud_classifier/classifier_node
[14.280s] -- Set non-toolchain portion of runtime path of "/home/polinaus/pointcloud_classifier/install/pointcloud_classifier/lib/pointcloud_classifier/classifier_node" to ""
[14.280s] -- Installing: /home/polinaus/pointcloud_classifier/install/pointcloud_classifier/lib/pointcloud_classifier/pcd_publisher
[14.281s] -- Set non-toolchain portion of runtime path of "/home/polinaus/pointcloud_classifier/install/pointcloud_classifier/lib/pointcloud_classifier/pcd_publisher" to ""
[14.281s] -- Up-to-date: /home/polinaus/pointcloud_classifier/install/pointcloud_classifier/include
[14.281s] -- Installing: /home/polinaus/pointcloud_classifier/install/pointcloud_classifier/include/cluster_info.hpp
[14.281s] -- Installing: /home/polinaus/pointcloud_classifier/install/pointcloud_classifier/include/pointcloud_processor.hpp
[14.281s] -- Installing: /home/polinaus/pointcloud_classifier/install/pointcloud_classifier/include/utils.hpp
[14.281s] -- Installing: /home/polinaus/pointcloud_classifier/install/pointcloud_classifier/share/pointcloud_classifier/launch
[14.281s] -- Installing: /home/polinaus/pointcloud_classifier/install/pointcloud_classifier/share/pointcloud_classifier/launch/classifier_launch.py
[14.282s] -- Up-to-date: /home/polinaus/pointcloud_classifier/install/pointcloud_classifier/share/pointcloud_classifier/msg/ClusterResult.msg
[14.282s] -- Up-to-date: /home/polinaus/pointcloud_classifier/install/pointcloud_classifier/share/pointcloud_classifier/msg/ClusterResultArray.msg
[14.282s] -- Installing: /home/polinaus/pointcloud_classifier/install/pointcloud_classifier/share/ament_index/resource_index/package_run_dependencies/pointcloud_classifier
[14.282s] -- Installing: /home/polinaus/pointcloud_classifier/install/pointcloud_classifier/share/ament_index/resource_index/parent_prefix_path/pointcloud_classifier
[14.282s] -- Installing: /home/polinaus/pointcloud_classifier/install/pointcloud_classifier/share/pointcloud_classifier/environment/ament_prefix_path.sh
[14.282s] -- Installing: /home/polinaus/pointcloud_classifier/install/pointcloud_classifier/share/pointcloud_classifier/environment/ament_prefix_path.dsv
[14.282s] -- Installing: /home/polinaus/pointcloud_classifier/install/pointcloud_classifier/share/pointcloud_classifier/environment/path.sh
[14.282s] -- Installing: /home/polinaus/pointcloud_classifier/install/pointcloud_classifier/share/pointcloud_classifier/environment/path.dsv
[14.282s] -- Installing: /home/polinaus/pointcloud_classifier/install/pointcloud_classifier/share/pointcloud_classifier/local_setup.bash
[14.282s] -- Installing: /home/polinaus/pointcloud_classifier/install/pointcloud_classifier/share/pointcloud_classifier/local_setup.sh
[14.282s] -- Installing: /home/polinaus/pointcloud_classifier/install/pointcloud_classifier/share/pointcloud_classifier/local_setup.zsh
[14.282s] -- Installing: /home/polinaus/pointcloud_classifier/install/pointcloud_classifier/share/pointcloud_classifier/local_setup.dsv
[14.282s] -- Installing: /home/polinaus/pointcloud_classifier/install/pointcloud_classifier/share/pointcloud_classifier/package.dsv
[14.282s] -- Installing: /home/polinaus/pointcloud_classifier/install/pointcloud_classifier/share/ament_index/resource_index/packages/pointcloud_classifier
[14.282s] -- Installing: /home/polinaus/pointcloud_classifier/install/pointcloud_classifier/share/pointcloud_classifier/cmake/export_pointcloud_classifier__rosidl_generator_cExport.cmake
[14.282s] -- Installing: /home/polinaus/pointcloud_classifier/install/pointcloud_classifier/share/pointcloud_classifier/cmake/export_pointcloud_classifier__rosidl_generator_cExport-noconfig.cmake
[14.282s] -- Installing: /home/polinaus/pointcloud_classifier/install/pointcloud_classifier/share/pointcloud_classifier/cmake/export_pointcloud_classifier__rosidl_typesupport_fastrtps_cExport.cmake
[14.282s] -- Installing: /home/polinaus/pointcloud_classifier/install/pointcloud_classifier/share/pointcloud_classifier/cmake/export_pointcloud_classifier__rosidl_typesupport_fastrtps_cExport-noconfig.cmake
[14.282s] -- Installing: /home/polinaus/pointcloud_classifier/install/pointcloud_classifier/share/pointcloud_classifier/cmake/export_pointcloud_classifier__rosidl_generator_cppExport.cmake
[14.283s] -- Installing: /home/polinaus/pointcloud_classifier/install/pointcloud_classifier/share/pointcloud_classifier/cmake/export_pointcloud_classifier__rosidl_typesupport_fastrtps_cppExport.cmake
[14.283s] -- Installing: /home/polinaus/pointcloud_classifier/install/pointcloud_classifier/share/pointcloud_classifier/cmake/export_pointcloud_classifier__rosidl_typesupport_fastrtps_cppExport-noconfig.cmake
[14.283s] -- Installing: /home/polinaus/pointcloud_classifier/install/pointcloud_classifier/share/pointcloud_classifier/cmake/pointcloud_classifier__rosidl_typesupport_introspection_cExport.cmake
[14.283s] -- Installing: /home/polinaus/pointcloud_classifier/install/pointcloud_classifier/share/pointcloud_classifier/cmake/pointcloud_classifier__rosidl_typesupport_introspection_cExport-noconfig.cmake
[14.283s] -- Installing: /home/polinaus/pointcloud_classifier/install/pointcloud_classifier/share/pointcloud_classifier/cmake/pointcloud_classifier__rosidl_typesupport_cExport.cmake
[14.283s] -- Installing: /home/polinaus/pointcloud_classifier/install/pointcloud_classifier/share/pointcloud_classifier/cmake/pointcloud_classifier__rosidl_typesupport_cExport-noconfig.cmake
[14.283s] -- Installing: /home/polinaus/pointcloud_classifier/install/pointcloud_classifier/share/pointcloud_classifier/cmake/pointcloud_classifier__rosidl_typesupport_introspection_cppExport.cmake
[14.283s] -- Installing: /home/polinaus/pointcloud_classifier/install/pointcloud_classifier/share/pointcloud_classifier/cmake/pointcloud_classifier__rosidl_typesupport_introspection_cppExport-noconfig.cmake
[14.283s] -- Installing: /home/polinaus/pointcloud_classifier/install/pointcloud_classifier/share/pointcloud_classifier/cmake/pointcloud_classifier__rosidl_typesupport_cppExport.cmake
[14.283s] -- Installing: /home/polinaus/pointcloud_classifier/install/pointcloud_classifier/share/pointcloud_classifier/cmake/pointcloud_classifier__rosidl_typesupport_cppExport-noconfig.cmake
[14.283s] -- Installing: /home/polinaus/pointcloud_classifier/install/pointcloud_classifier/share/pointcloud_classifier/cmake/export_pointcloud_classifier__rosidl_generator_pyExport.cmake
[14.283s] -- Installing: /home/polinaus/pointcloud_classifier/install/pointcloud_classifier/share/pointcloud_classifier/cmake/export_pointcloud_classifier__rosidl_generator_pyExport-noconfig.cmake
[14.283s] -- Installing: /home/polinaus/pointcloud_classifier/install/pointcloud_classifier/share/pointcloud_classifier/cmake/rosidl_cmake-extras.cmake
[14.283s] -- Installing: /home/polinaus/pointcloud_classifier/install/pointcloud_classifier/share/pointcloud_classifier/cmake/ament_cmake_export_dependencies-extras.cmake
[14.283s] -- Installing: /home/polinaus/pointcloud_classifier/install/pointcloud_classifier/share/pointcloud_classifier/cmake/ament_cmake_export_include_directories-extras.cmake
[14.283s] -- Installing: /home/polinaus/pointcloud_classifier/install/pointcloud_classifier/share/pointcloud_classifier/cmake/ament_cmake_export_libraries-extras.cmake
[14.283s] -- Installing: /home/polinaus/pointcloud_classifier/install/pointcloud_classifier/share/pointcloud_classifier/cmake/ament_cmake_export_targets-extras.cmake
[14.283s] -- Installing: /home/polinaus/pointcloud_classifier/install/pointcloud_classifier/share/pointcloud_classifier/cmake/rosidl_cmake_export_typesupport_targets-extras.cmake
[14.283s] -- Installing: /home/polinaus/pointcloud_classifier/install/pointcloud_classifier/share/pointcloud_classifier/cmake/rosidl_cmake_export_typesupport_libraries-extras.cmake
[14.284s] -- Installing: /home/polinaus/pointcloud_classifier/install/pointcloud_classifier/share/pointcloud_classifier/cmake/pointcloud_classifierConfig.cmake
[14.284s] -- Installing: /home/polinaus/pointcloud_classifier/install/pointcloud_classifier/share/pointcloud_classifier/cmake/pointcloud_classifierConfig-version.cmake
[14.284s] -- Installing: /home/polinaus/pointcloud_classifier/install/pointcloud_classifier/share/pointcloud_classifier/package.xml
[14.285s] Invoked command in '/home/polinaus/pointcloud_classifier/build/pointcloud_classifier' returned '0': CMAKE_PREFIX_PATH=${CMAKE_PREFIX_PATH}:/opt/ros/jazzy DEBUGINFOD_URLS=https://debuginfod.ubuntu.com /usr/bin/cmake --install /home/polinaus/pointcloud_classifier/build/pointcloud_classifier
